trial 1/1
property □_[11.0, 50.0] ((((throttle < 8.8) && ◇_[0.0, 0.05] (40.0 < throttle)) || ((40.0 < throttle) && ◇_[0.0, 0.05] (throttle < 8.8))) ==> □_[1.0, 5.0] (abs(mu) < 0.008))
algorithm uniform random
  control points: 10
  budget: 10
falsification with 10 random samples starting matlab ... connected (4s)
initializing 'fuel_control' ...WARNING: set_param not implemented
 done (17s)
..........
inputs
  t__ = [0.0; 5.0; 10.0; 15.0; 20.0; 25.0; 30.0; 35.0; 40.0; 45.0; 50.0]
  u__ = [52.05721660644578 1075.0614912676015; 23.113358409090125 1075.0614912676015; 0.24523292671529695 1075.0614912676015; 48.0754836146747 1075.0614912676015; 44.096129119849344 1075.0614912676015; 17.768092590183365 1075.0614912676015; 7.651948015464206 1075.0614912676015; 20.626651753833773 1075.0614912676015; 51.61041103365002 1075.0614912676015; 37.89649686406478 1075.0614912676015; 37.89649686406478 1075.0614912676015]
not falsified with robustness 0.004791578526646335

statistics
  simulations 10
  total time  28s
  peak memory 552468 kb

trial 1/50
property □_[11.0, 50.0] ((((throttle < 8.8) && ◇_[0.0, 0.05] (40.0 < throttle)) || ((40.0 < throttle) && ◇_[0.0, 0.05] (throttle < 8.8))) ==> □_[1.0, 5.0] (abs(mu) < 0.008))
algorithm uniform random
  control points: 10
  budget: 100
falsification with 100 random samples ..........................................
inputs
  t__ = [0.0; 5.0; 10.0; 15.0; 20.0; 25.0; 30.0; 35.0; 40.0; 45.0; 50.0]
  u__ = [38.808888819623974 1065.2245146466255; 36.396221266090194 1065.2245146466255; 55.20945789569789 1065.2245146466255; 38.99106906682173 1065.2245146466255; 3.3870294079092864 1065.2245146466255; 59.248763399927206 1065.2245146466255; 9.165026191380106 1065.2245146466255; 52.23724000536886 1065.2245146466255; 57.069463039145774 1065.2245146466255; 32.74130121798888 1065.2245146466255; 32.74130121798888 1065.2245146466255]
falsified with robustness -0.011344127493882365

statistics
  simulations 42
  total time  23s
  peak memory 719425 kb

trial 2/50
property □_[11.0, 50.0] ((((throttle < 8.8) && ◇_[0.0, 0.05] (40.0 < throttle)) || ((40.0 < throttle) && ◇_[0.0, 0.05] (throttle < 8.8))) ==> □_[1.0, 5.0] (abs(mu) < 0.008))
algorithm uniform random
  control points: 10
  budget: 100
falsification with 100 random samples ...................................................................
inputs
  t__ = [0.0; 5.0; 10.0; 15.0; 20.0; 25.0; 30.0; 35.0; 40.0; 45.0; 50.0]
  u__ = [35.66210621388715 958.8712646551617; 8.894210377965173 958.8712646551617; 13.890728599823477 958.8712646551617; 46.13473443232162 958.8712646551617; 1.7511430751604624 958.8712646551617; 46.44331351877419 958.8712646551617; 7.501769024716304 958.8712646551617; 50.89783382381301 958.8712646551617; 22.57501356677808 958.8712646551617; 50.65887138893987 958.8712646551617; 50.65887138893987 958.8712646551617]
falsified with robustness -0.009625111688158317

statistics
  simulations 67
  total time  37s
  peak memory 753524 kb

trial 3/50
property □_[11.0, 50.0] ((((throttle < 8.8) && ◇_[0.0, 0.05] (40.0 < throttle)) || ((40.0 < throttle) && ◇_[0.0, 0.05] (throttle < 8.8))) ==> □_[1.0, 5.0] (abs(mu) < 0.008))
algorithm uniform random
  control points: 10
  budget: 100
falsification with 100 random samples ...
inputs
  t__ = [0.0; 5.0; 10.0; 15.0; 20.0; 25.0; 30.0; 35.0; 40.0; 45.0; 50.0]
  u__ = [20.345444633298257 1017.1724610842492; 31.64083059541695 1017.1724610842492; 52.52399541580137 1017.1724610842492; 24.00084606266299 1017.1724610842492; 31.794728764102437 1017.1724610842492; 38.5412120792908 1017.1724610842492; 3.1523801527069866 1017.1724610842492; 48.94215004141217 1017.1724610842492; 55.01188001840193 1017.1724610842492; 6.059188979889476 1017.1724610842492; 6.059188979889476 1017.1724610842492]
falsified with robustness -0.00316667965130742

statistics
  simulations 3
  total time  1s
  peak memory 761146 kb

trial 4/50
property □_[11.0, 50.0] ((((throttle < 8.8) && ◇_[0.0, 0.05] (40.0 < throttle)) || ((40.0 < throttle) && ◇_[0.0, 0.05] (throttle < 8.8))) ==> □_[1.0, 5.0] (abs(mu) < 0.008))
algorithm uniform random
  control points: 10
  budget: 100
falsification with 100 random samples ........................
inputs
  t__ = [0.0; 5.0; 10.0; 15.0; 20.0; 25.0; 30.0; 35.0; 40.0; 45.0; 50.0]
  u__ = [21.577271222133167 1077.8575919813575; 11.379546528466602 1077.8575919813575; 7.458301526728568 1077.8575919813575; 50.08122318149248 1077.8575919813575; 16.145952722898272 1077.8575919813575; 55.63609863965994 1077.8575919813575; 1.2784085592152714 1077.8575919813575; 50.45575806828968 1077.8575919813575; 23.84887443106046 1077.8575919813575; 4.328496597765517 1077.8575919813575; 4.328496597765517 1077.8575919813575]
falsified with robustness -0.007910646284997457

statistics
  simulations 24
  total time  13s
  peak memory 775444 kb

trial 5/50
property □_[11.0, 50.0] ((((throttle < 8.8) && ◇_[0.0, 0.05] (40.0 < throttle)) || ((40.0 < throttle) && ◇_[0.0, 0.05] (throttle < 8.8))) ==> □_[1.0, 5.0] (abs(mu) < 0.008))
algorithm uniform random
  control points: 10
  budget: 100
falsification with 100 random samples ................................................................
inputs
  t__ = [0.0; 5.0; 10.0; 15.0; 20.0; 25.0; 30.0; 35.0; 40.0; 45.0; 50.0]
  u__ = [59.69163757278724 968.2829269095391; 36.85305284153063 968.2829269095391; 3.8311081113315124 968.2829269095391; 8.393497316021948 968.2829269095391; 6.024889910225005 968.2829269095391; 54.30088044902418 968.2829269095391; 21.33411953332198 968.2829269095391; 55.095189612049836 968.2829269095391; 35.230054127174704 968.2829269095391; 44.81124448253471 968.2829269095391; 44.81124448253471 968.2829269095391]
falsified with robustness -0.015629913597925305

statistics
  simulations 64
  total time  36s
  peak memory 776492 kb

trial 6/50
property □_[11.0, 50.0] ((((throttle < 8.8) && ◇_[0.0, 0.05] (40.0 < throttle)) || ((40.0 < throttle) && ◇_[0.0, 0.05] (throttle < 8.8))) ==> □_[1.0, 5.0] (abs(mu) < 0.008))
algorithm uniform random
  control points: 10
  budget: 100
falsification with 100 random samples ...............................
inputs
  t__ = [0.0; 5.0; 10.0; 15.0; 20.0; 25.0; 30.0; 35.0; 40.0; 45.0; 50.0]
  u__ = [21.48351865711862 1025.4021592667116; 37.68473936969026 1025.4021592667116; 49.57592090591078 1025.4021592667116; 3.319639965300209 1025.4021592667116; 18.097886845944874 1025.4021592667116; 39.89749176789142 1025.4021592667116; 13.472322214770555 1025.4021592667116; 58.29246776072307 1025.4021592667116; 42.769552795845556 1025.4021592667116; 18.64523905394856 1025.4021592667116; 18.64523905394856 1025.4021592667116]
falsified with robustness -0.001647284527337799

statistics
  simulations 31
  total time  17s
  peak memory 776492 kb

trial 7/50
property □_[11.0, 50.0] ((((throttle < 8.8) && ◇_[0.0, 0.05] (40.0 < throttle)) || ((40.0 < throttle) && ◇_[0.0, 0.05] (throttle < 8.8))) ==> □_[1.0, 5.0] (abs(mu) < 0.008))
algorithm uniform random
  control points: 10
  budget: 100
falsification with 100 random samples ............................................
inputs
  t__ = [0.0; 5.0; 10.0; 15.0; 20.0; 25.0; 30.0; 35.0; 40.0; 45.0; 50.0]
  u__ = [60.79585501396533 1054.9105599089266; 4.347381071859314 1054.9105599089266; 33.20992590674923 1054.9105599089266; 2.1476501094801717 1054.9105599089266; 58.61873141546879 1054.9105599089266; 22.79058825388812 1054.9105599089266; 24.321238690547666 1054.9105599089266; 15.215795067710138 1054.9105599089266; 57.02332891708167 1054.9105599089266; 54.0550128130242 1054.9105599089266; 54.0550128130242 1054.9105599089266]
falsified with robustness -0.011491273384663069

statistics
  simulations 44
  total time  24s
  peak memory 776492 kb

trial 8/50
property □_[11.0, 50.0] ((((throttle < 8.8) && ◇_[0.0, 0.05] (40.0 < throttle)) || ((40.0 < throttle) && ◇_[0.0, 0.05] (throttle < 8.8))) ==> □_[1.0, 5.0] (abs(mu) < 0.008))
algorithm uniform random
  control points: 10
  budget: 100
falsification with 100 random samples .......................
inputs
  t__ = [0.0; 5.0; 10.0; 15.0; 20.0; 25.0; 30.0; 35.0; 40.0; 45.0; 50.0]
  u__ = [47.53955795859401 987.8319305133224; 35.82840009775017 987.8319305133224; 19.584318485755823 987.8319305133224; 33.14093271376062 987.8319305133224; 34.23816275323819 987.8319305133224; 5.797688481262119 987.8319305133224; 18.007509734648316 987.8319305133224; 2.1043826222219866 987.8319305133224; 47.94194053468222 987.8319305133224; 54.23337562258798 987.8319305133224; 54.23337562258798 987.8319305133224]
falsified with robustness -0.010783435374836677

statistics
  simulations 23
  total time  14s
  peak memory 776492 kb

trial 9/50
property □_[11.0, 50.0] ((((throttle < 8.8) && ◇_[0.0, 0.05] (40.0 < throttle)) || ((40.0 < throttle) && ◇_[0.0, 0.05] (throttle < 8.8))) ==> □_[1.0, 5.0] (abs(mu) < 0.008))
algorithm uniform random
  control points: 10
  budget: 100
falsification with 100 random samples ....................................................
inputs
  t__ = [0.0; 5.0; 10.0; 15.0; 20.0; 25.0; 30.0; 35.0; 40.0; 45.0; 50.0]
  u__ = [21.300177703774153 1095.0056959071283; 16.071601943561557 1095.0056959071283; 26.397521019913068 1095.0056959071283; 1.3979487750590136 1095.0056959071283; 39.991555601885324 1095.0056959071283; 44.67934337233172 1095.0056959071283; 1.4744825365406444 1095.0056959071283; 2.214115527317707 1095.0056959071283; 60.0126404080435 1095.0056959071283; 18.63247519457603 1095.0056959071283; 18.63247519457603 1095.0056959071283]
falsified with robustness -0.00303971199920414

statistics
  simulations 52
  total time  30s
  peak memory 776492 kb

trial 10/50
property □_[11.0, 50.0] ((((throttle < 8.8) && ◇_[0.0, 0.05] (40.0 < throttle)) || ((40.0 < throttle) && ◇_[0.0, 0.05] (throttle < 8.8))) ==> □_[1.0, 5.0] (abs(mu) < 0.008))
algorithm uniform random
  control points: 10
  budget: 100
falsification with 100 random samples ....................................................................................................
inputs
  t__ = [0.0; 5.0; 10.0; 15.0; 20.0; 25.0; 30.0; 35.0; 40.0; 45.0; 50.0]
  u__ = [36.25956356040895 933.8584927562064; 57.58631602946409 933.8584927562064; 10.183141165808692 933.8584927562064; 47.6989556984148 933.8584927562064; 2.029158546642271 933.8584927562064; 2.4299676763963176 933.8584927562064; 60.09727377349528 933.8584927562064; 43.06012506342774 933.8584927562064; 28.140484778668075 933.8584927562064; 32.3513325784865 933.8584927562064; 32.3513325784865 933.8584927562064]
not falsified with robustness 0.0018713240267752354

statistics
  simulations 100
  total time  60s
  peak memory 780472 kb

trial 11/50
property □_[11.0, 50.0] ((((throttle < 8.8) && ◇_[0.0, 0.05] (40.0 < throttle)) || ((40.0 < throttle) && ◇_[0.0, 0.05] (throttle < 8.8))) ==> □_[1.0, 5.0] (abs(mu) < 0.008))
algorithm uniform random
  control points: 10
  budget: 100
falsification with 100 random samples ...........
inputs
  t__ = [0.0; 5.0; 10.0; 15.0; 20.0; 25.0; 30.0; 35.0; 40.0; 45.0; 50.0]
  u__ = [35.91567739451078 1080.3973133769828; 8.099181037073109 1080.3973133769828; 32.37096492213967 1080.3973133769828; 50.617790767054494 1080.3973133769828; 5.378228042048007 1080.3973133769828; 43.01566534872075 1080.3973133769828; 54.41850613347228 1080.3973133769828; 8.309423939268951 1080.3973133769828; 39.22666880133773 1080.3973133769828; 51.85296695395478 1080.3973133769828; 51.85296695395478 1080.3973133769828]
falsified with robustness -0.0200912027529274

statistics
  simulations 11
  total time  6s
  peak memory 780472 kb

trial 12/50
property □_[11.0, 50.0] ((((throttle < 8.8) && ◇_[0.0, 0.05] (40.0 < throttle)) || ((40.0 < throttle) && ◇_[0.0, 0.05] (throttle < 8.8))) ==> □_[1.0, 5.0] (abs(mu) < 0.008))
algorithm uniform random
  control points: 10
  budget: 100
falsification with 100 random samples ........
inputs
  t__ = [0.0; 5.0; 10.0; 15.0; 20.0; 25.0; 30.0; 35.0; 40.0; 45.0; 50.0]
  u__ = [15.163339196506504 954.9937342960046; 57.53040481307824 954.9937342960046; 59.63042452422006 954.9937342960046; 6.279835359411841 954.9937342960046; 53.19486231938281 954.9937342960046; 3.9176391904419763 954.9937342960046; 48.39738312903313 954.9937342960046; 19.368142078935854 954.9937342960046; 56.4082641469934 954.9937342960046; 24.459207434184343 954.9937342960046; 24.459207434184343 954.9937342960046]
falsified with robustness -0.015296552676536724

statistics
  simulations 8
  total time  4s
  peak memory 780472 kb

trial 13/50
property □_[11.0, 50.0] ((((throttle < 8.8) && ◇_[0.0, 0.05] (40.0 < throttle)) || ((40.0 < throttle) && ◇_[0.0, 0.05] (throttle < 8.8))) ==> □_[1.0, 5.0] (abs(mu) < 0.008))
algorithm uniform random
  control points: 10
  budget: 100
falsification with 100 random samples .........................
inputs
  t__ = [0.0; 5.0; 10.0; 15.0; 20.0; 25.0; 30.0; 35.0; 40.0; 45.0; 50.0]
  u__ = [17.289943906966297 1060.2815743835263; 5.196762433084541 1060.2815743835263; 51.264460103000296 1060.2815743835263; 36.27241849894383 1060.2815743835263; 12.56301424031634 1060.2815743835263; 47.68865324881667 1060.2815743835263; 42.00410833310414 1060.2815743835263; 59.42966463899654 1060.2815743835263; 3.484132317507224 1060.2815743835263; 50.58826078303678 1060.2815743835263; 50.58826078303678 1060.2815743835263]
falsified with robustness -0.004714113556239689

statistics
  simulations 25
  total time  16s
  peak memory 780472 kb

trial 14/50
property □_[11.0, 50.0] ((((throttle < 8.8) && ◇_[0.0, 0.05] (40.0 < throttle)) || ((40.0 < throttle) && ◇_[0.0, 0.05] (throttle < 8.8))) ==> □_[1.0, 5.0] (abs(mu) < 0.008))
algorithm uniform random
  control points: 10
  budget: 100
falsification with 100 random samples ............................................................................................
inputs
  t__ = [0.0; 5.0; 10.0; 15.0; 20.0; 25.0; 30.0; 35.0; 40.0; 45.0; 50.0]
  u__ = [5.381913054957518 1053.8197428424992; 22.27187657691394 1053.8197428424992; 0.12086125858219872 1053.8197428424992; 60.692968072203705 1053.8197428424992; 39.11883544004751 1053.8197428424992; 32.8137585395262 1053.8197428424992; 11.307000520908655 1053.8197428424992; 54.83931879408956 1053.8197428424992; 27.656349818902523 1053.8197428424992; 10.018439147790692 1053.8197428424992; 10.018439147790692 1053.8197428424992]
falsified with robustness -0.015494338264908737

statistics
  simulations 92
  total time  55s
  peak memory 788248 kb

trial 15/50
property □_[11.0, 50.0] ((((throttle < 8.8) && ◇_[0.0, 0.05] (40.0 < throttle)) || ((40.0 < throttle) && ◇_[0.0, 0.05] (throttle < 8.8))) ==> □_[1.0, 5.0] (abs(mu) < 0.008))
algorithm uniform random
  control points: 10
  budget: 100
falsification with 100 random samples ................
inputs
  t__ = [0.0; 5.0; 10.0; 15.0; 20.0; 25.0; 30.0; 35.0; 40.0; 45.0; 50.0]
  u__ = [59.11183260934933 1086.626769848517; 41.45244966655723 1086.626769848517; 39.69900827033291 1086.626769848517; 43.21928642769399 1086.626769848517; 8.352087132843405 1086.626769848517; 4.23763029179923 1086.626769848517; 25.790240777859484 1086.626769848517; 6.652997687438403 1086.626769848517; 50.587823713397064 1086.626769848517; 24.619566810330763 1086.626769848517; 24.619566810330763 1086.626769848517]
falsified with robustness -0.009848117798921394

statistics
  simulations 16
  total time  9s
  peak memory 788352 kb

trial 16/50
property □_[11.0, 50.0] ((((throttle < 8.8) && ◇_[0.0, 0.05] (40.0 < throttle)) || ((40.0 < throttle) && ◇_[0.0, 0.05] (throttle < 8.8))) ==> □_[1.0, 5.0] (abs(mu) < 0.008))
algorithm uniform random
  control points: 10
  budget: 100
falsification with 100 random samples ...................
inputs
  t__ = [0.0; 5.0; 10.0; 15.0; 20.0; 25.0; 30.0; 35.0; 40.0; 45.0; 50.0]
  u__ = [48.62662251606026 947.3176060852425; 21.144459616217848 947.3176060852425; 6.758134762910178 947.3176060852425; 49.09220733423203 947.3176060852425; 57.096157555399486 947.3176060852425; 30.766433265225675 947.3176060852425; 40.15350470270882 947.3176060852425; 34.3273396268086 947.3176060852425; 49.92010267109121 947.3176060852425; 52.543091480268934 947.3176060852425; 52.543091480268934 947.3176060852425]
falsified with robustness -0.01608798129736088

statistics
  simulations 19
  total time  10s
  peak memory 792124 kb

trial 17/50
property □_[11.0, 50.0] ((((throttle < 8.8) && ◇_[0.0, 0.05] (40.0 < throttle)) || ((40.0 < throttle) && ◇_[0.0, 0.05] (throttle < 8.8))) ==> □_[1.0, 5.0] (abs(mu) < 0.008))
algorithm uniform random
  control points: 10
  budget: 100
falsification with 100 random samples ............................................................
inputs
  t__ = [0.0; 5.0; 10.0; 15.0; 20.0; 25.0; 30.0; 35.0; 40.0; 45.0; 50.0]
  u__ = [40.579125821048656 1007.89978612964; 6.764535763890762 1007.89978612964; 19.379963985845666 1007.89978612964; 41.321478867041186 1007.89978612964; 1.713457490530291 1007.89978612964; 59.042784901038395 1007.89978612964; 60.72394568047813 1007.89978612964; 21.840169929435273 1007.89978612964; 6.400738666929226 1007.89978612964; 54.56742667663958 1007.89978612964; 54.56742667663958 1007.89978612964]
falsified with robustness -0.0056443925649076136

statistics
  simulations 60
  total time  35s
  peak memory 800424 kb

trial 18/50
property □_[11.0, 50.0] ((((throttle < 8.8) && ◇_[0.0, 0.05] (40.0 < throttle)) || ((40.0 < throttle) && ◇_[0.0, 0.05] (throttle < 8.8))) ==> □_[1.0, 5.0] (abs(mu) < 0.008))
algorithm uniform random
  control points: 10
  budget: 100
falsification with 100 random samples ..........................................................................
inputs
  t__ = [0.0; 5.0; 10.0; 15.0; 20.0; 25.0; 30.0; 35.0; 40.0; 45.0; 50.0]
  u__ = [18.735505054723774 1071.1520539217015; 29.422282552341724 1071.1520539217015; 1.8903080580867675 1071.1520539217015; 5.161550504871558 1071.1520539217015; 52.8396258186003 1071.1520539217015; 25.527153189374005 1071.1520539217015; 13.009580220351614 1071.1520539217015; 28.56031291526013 1071.1520539217015; 24.031612002512293 1071.1520539217015; 51.14451388427254 1071.1520539217015; 51.14451388427254 1071.1520539217015]
falsified with robustness -0.001185846606815845

statistics
  simulations 74
  total time  45s
  peak memory 804829 kb

trial 19/50
property □_[11.0, 50.0] ((((throttle < 8.8) && ◇_[0.0, 0.05] (40.0 < throttle)) || ((40.0 < throttle) && ◇_[0.0, 0.05] (throttle < 8.8))) ==> □_[1.0, 5.0] (abs(mu) < 0.008))
algorithm uniform random
  control points: 10
  budget: 100
falsification with 100 random samples ........................................
inputs
  t__ = [0.0; 5.0; 10.0; 15.0; 20.0; 25.0; 30.0; 35.0; 40.0; 45.0; 50.0]
  u__ = [48.466293235142544 944.6141041606755; 11.945003912951318 944.6141041606755; 11.342878626582156 944.6141041606755; 26.88247027268596 944.6141041606755; 5.236563658037622 944.6141041606755; 38.929988145896914 944.6141041606755; 48.92461099518974 944.6141041606755; 5.328839371913085 944.6141041606755; 16.3715996894868 944.6141041606755; 5.537832708802166 944.6141041606755; 5.537832708802166 944.6141041606755]
falsified with robustness -0.02396963607231971

statistics
  simulations 40
  total time  26s
  peak memory 804829 kb

trial 20/50
property □_[11.0, 50.0] ((((throttle < 8.8) && ◇_[0.0, 0.05] (40.0 < throttle)) || ((40.0 < throttle) && ◇_[0.0, 0.05] (throttle < 8.8))) ==> □_[1.0, 5.0] (abs(mu) < 0.008))
algorithm uniform random
  control points: 10
  budget: 100
falsification with 100 random samples .................................................................
inputs
  t__ = [0.0; 5.0; 10.0; 15.0; 20.0; 25.0; 30.0; 35.0; 40.0; 45.0; 50.0]
  u__ = [1.0068124384317731 1026.99832139638; 49.283365465522635 1026.99832139638; 53.61194206027728 1026.99832139638; 0.2582726756678794 1026.99832139638; 22.17356275538258 1026.99832139638; 24.586708522334508 1026.99832139638; 51.52892536014365 1026.99832139638; 9.386219472242589 1026.99832139638; 17.37536012621533 1026.99832139638; 54.10271667100706 1026.99832139638; 54.10271667100706 1026.99832139638]
falsified with robustness -0.010469600015161427

statistics
  simulations 65
  total time  38s
  peak memory 821610 kb

trial 21/50
property □_[11.0, 50.0] ((((throttle < 8.8) && ◇_[0.0, 0.05] (40.0 < throttle)) || ((40.0 < throttle) && ◇_[0.0, 0.05] (throttle < 8.8))) ==> □_[1.0, 5.0] (abs(mu) < 0.008))
algorithm uniform random
  control points: 10
  budget: 100
falsification with 100 random samples .........
inputs
  t__ = [0.0; 5.0; 10.0; 15.0; 20.0; 25.0; 30.0; 35.0; 40.0; 45.0; 50.0]
  u__ = [7.027014813648363 977.9293498147449; 6.464215250039295 977.9293498147449; 49.311596416060866 977.9293498147449; 60.91023971915178 977.9293498147449; 3.28690984252837 977.9293498147449; 40.717000577494645 977.9293498147449; 41.43560101939503 977.9293498147449; 21.595401330541787 977.9293498147449; 14.174065595509965 977.9293498147449; 37.990600214505726 977.9293498147449; 37.990600214505726 977.9293498147449]
falsified with robustness -0.01055312132829778

statistics
  simulations 9
  total time  5s
  peak memory 821610 kb

trial 22/50
property □_[11.0, 50.0] ((((throttle < 8.8) && ◇_[0.0, 0.05] (40.0 < throttle)) || ((40.0 < throttle) && ◇_[0.0, 0.05] (throttle < 8.8))) ==> □_[1.0, 5.0] (abs(mu) < 0.008))
algorithm uniform random
  control points: 10
  budget: 100
falsification with 100 random samples .................................................................................................
inputs
  t__ = [0.0; 5.0; 10.0; 15.0; 20.0; 25.0; 30.0; 35.0; 40.0; 45.0; 50.0]
  u__ = [50.99976281131286 1040.712595509198; 35.795000313162994 1040.712595509198; 2.579500127253322 1040.712595509198; 60.233853204170295 1040.712595509198; 52.11305190485885 1040.712595509198; 24.719737480530945 1040.712595509198; 49.92114716896533 1040.712595509198; 7.700355666908407 1040.712595509198; 43.644811133633375 1040.712595509198; 45.89322749008358 1040.712595509198; 45.89322749008358 1040.712595509198]
falsified with robustness -0.024118659387410528

statistics
  simulations 97
  total time  60s
  peak memory 821610 kb

trial 23/50
property □_[11.0, 50.0] ((((throttle < 8.8) && ◇_[0.0, 0.05] (40.0 < throttle)) || ((40.0 < throttle) && ◇_[0.0, 0.05] (throttle < 8.8))) ==> □_[1.0, 5.0] (abs(mu) < 0.008))
algorithm uniform random
  control points: 10
  budget: 100
falsification with 100 random samples ........................................
inputs
  t__ = [0.0; 5.0; 10.0; 15.0; 20.0; 25.0; 30.0; 35.0; 40.0; 45.0; 50.0]
  u__ = [27.141979718659215 902.034111784999; 44.86782947379248 902.034111784999; 46.74714589019093 902.034111784999; 46.7895756461304 902.034111784999; 5.622878564661059 902.034111784999; 25.254034573293822 902.034111784999; 28.047058017589553 902.034111784999; 18.05290588703339 902.034111784999; 47.43321235091993 902.034111784999; 23.978860573862192 902.034111784999; 23.978860573862192 902.034111784999]
falsified with robustness -2.4261677962776097E-4

statistics
  simulations 40
  total time  26s
  peak memory 821610 kb

trial 24/50
property □_[11.0, 50.0] ((((throttle < 8.8) && ◇_[0.0, 0.05] (40.0 < throttle)) || ((40.0 < throttle) && ◇_[0.0, 0.05] (throttle < 8.8))) ==> □_[1.0, 5.0] (abs(mu) < 0.008))
algorithm uniform random
  control points: 10
  budget: 100
falsification with 100 random samples ....................................................................................................
inputs
  t__ = [0.0; 5.0; 10.0; 15.0; 20.0; 25.0; 30.0; 35.0; 40.0; 45.0; 50.0]
  u__ = [56.23477937801209 1027.1905891795511; 34.06278321642154 1027.1905891795511; 60.59510030474257 1027.1905891795511; 2.5046440638041303 1027.1905891795511; 60.07875214134712 1027.1905891795511; 47.36561126618155 1027.1905891795511; 8.16208581818614 1027.1905891795511; 49.91420906942307 1027.1905891795511; 37.55117173563376 1027.1905891795511; 47.05067998700113 1027.1905891795511; 47.05067998700113 1027.1905891795511]
not falsified with robustness 0.00395172696859598

statistics
  simulations 100
  total time  56s
  peak memory 830092 kb

trial 25/50
property □_[11.0, 50.0] ((((throttle < 8.8) && ◇_[0.0, 0.05] (40.0 < throttle)) || ((40.0 < throttle) && ◇_[0.0, 0.05] (throttle < 8.8))) ==> □_[1.0, 5.0] (abs(mu) < 0.008))
algorithm uniform random
  control points: 10
  budget: 100
falsification with 100 random samples .
inputs
  t__ = [0.0; 5.0; 10.0; 15.0; 20.0; 25.0; 30.0; 35.0; 40.0; 45.0; 50.0]
  u__ = [12.569610867613054 964.7168069332799; 7.544095889849355 964.7168069332799; 50.692459882720954 964.7168069332799; 2.288575392315971 964.7168069332799; 29.555445348249812 964.7168069332799; 4.371604301382522 964.7168069332799; 3.8911871159553724 964.7168069332799; 15.64557972598017 964.7168069332799; 48.015042787494885 964.7168069332799; 43.21673146860229 964.7168069332799; 43.21673146860229 964.7168069332799]
falsified with robustness -0.0037689892604673703

statistics
  simulations 1
  total time  0s
  peak memory 830441 kb

trial 26/50
property □_[11.0, 50.0] ((((throttle < 8.8) && ◇_[0.0, 0.05] (40.0 < throttle)) || ((40.0 < throttle) && ◇_[0.0, 0.05] (throttle < 8.8))) ==> □_[1.0, 5.0] (abs(mu) < 0.008))
algorithm uniform random
  control points: 10
  budget: 100
falsification with 100 random samples .......................................................................................
inputs
  t__ = [0.0; 5.0; 10.0; 15.0; 20.0; 25.0; 30.0; 35.0; 40.0; 45.0; 50.0]
  u__ = [4.580440670210924 1057.306943585888; 30.229360467030293 1057.306943585888; 37.66397211071122 1057.306943585888; 60.180084524383595 1057.306943585888; 6.592015605362184 1057.306943585888; 57.20661633486342 1057.306943585888; 6.781147865136226 1057.306943585888; 37.22960906731317 1057.306943585888; 59.736122932604275 1057.306943585888; 8.048703637412189 1057.306943585888; 8.048703637412189 1057.306943585888]
falsified with robustness -0.013767693418834954

statistics
  simulations 87
  total time  51s
  peak memory 832972 kb

trial 27/50
property □_[11.0, 50.0] ((((throttle < 8.8) && ◇_[0.0, 0.05] (40.0 < throttle)) || ((40.0 < throttle) && ◇_[0.0, 0.05] (throttle < 8.8))) ==> □_[1.0, 5.0] (abs(mu) < 0.008))
algorithm uniform random
  control points: 10
  budget: 100
falsification with 100 random samples ........................................................
inputs
  t__ = [0.0; 5.0; 10.0; 15.0; 20.0; 25.0; 30.0; 35.0; 40.0; 45.0; 50.0]
  u__ = [23.122625863915783 904.774248455542; 39.50555736291462 904.774248455542; 54.1987930121723 904.774248455542; 22.051109201732 904.774248455542; 9.49978675910765 904.774248455542; 5.441009278543328 904.774248455542; 1.3030452332636933 904.774248455542; 57.68623616929118 904.774248455542; 37.27985246152057 904.774248455542; 20.746266800861626 904.774248455542; 20.746266800861626 904.774248455542]
falsified with robustness -0.0045708681916544515

statistics
  simulations 56
  total time  32s
  peak memory 840026 kb

trial 28/50
property □_[11.0, 50.0] ((((throttle < 8.8) && ◇_[0.0, 0.05] (40.0 < throttle)) || ((40.0 < throttle) && ◇_[0.0, 0.05] (throttle < 8.8))) ==> □_[1.0, 5.0] (abs(mu) < 0.008))
algorithm uniform random
  control points: 10
  budget: 100
falsification with 100 random samples ..............
inputs
  t__ = [0.0; 5.0; 10.0; 15.0; 20.0; 25.0; 30.0; 35.0; 40.0; 45.0; 50.0]
  u__ = [45.64212028077026 1094.5843238751559; 48.94980842989946 1094.5843238751559; 33.81711715601624 1094.5843238751559; 33.22207487774729 1094.5843238751559; 53.50883043956525 1094.5843238751559; 2.8788069904713858 1094.5843238751559; 48.41525923176181 1094.5843238751559; 33.5873392180943 1094.5843238751559; 54.68016736283928 1094.5843238751559; 45.7348178624757 1094.5843238751559; 45.7348178624757 1094.5843238751559]
falsified with robustness -0.004672306353509575

statistics
  simulations 14
  total time  7s
  peak memory 840026 kb

trial 29/50
property □_[11.0, 50.0] ((((throttle < 8.8) && ◇_[0.0, 0.05] (40.0 < throttle)) || ((40.0 < throttle) && ◇_[0.0, 0.05] (throttle < 8.8))) ==> □_[1.0, 5.0] (abs(mu) < 0.008))
algorithm uniform random
  control points: 10
  budget: 100
falsification with 100 random samples ..................................................
inputs
  t__ = [0.0; 5.0; 10.0; 15.0; 20.0; 25.0; 30.0; 35.0; 40.0; 45.0; 50.0]
  u__ = [4.841054392619573 978.684302559433; 59.71143575432047 978.684302559433; 6.902706531564351 978.684302559433; 48.4258791872727 978.684302559433; 12.162471749565112 978.684302559433; 58.26974718707632 978.684302559433; 20.083573866714417 978.684302559433; 54.91501924262097 978.684302559433; 42.18069593530587 978.684302559433; 23.10071839745527 978.684302559433; 23.10071839745527 978.684302559433]
falsified with robustness -6.224719444646015E-4

statistics
  simulations 50
  total time  30s
  peak memory 848082 kb

trial 30/50
property □_[11.0, 50.0] ((((throttle < 8.8) && ◇_[0.0, 0.05] (40.0 < throttle)) || ((40.0 < throttle) && ◇_[0.0, 0.05] (throttle < 8.8))) ==> □_[1.0, 5.0] (abs(mu) < 0.008))
algorithm uniform random
  control points: 10
  budget: 100
falsification with 100 random samples ......................................................................
inputs
  t__ = [0.0; 5.0; 10.0; 15.0; 20.0; 25.0; 30.0; 35.0; 40.0; 45.0; 50.0]
  u__ = [1.5192523947185212 1037.6491542373124; 38.18411129954061 1037.6491542373124; 9.318943624637285 1037.6491542373124; 17.209456493183282 1037.6491542373124; 17.709996411055915 1037.6491542373124; 15.916239473945048 1037.6491542373124; 41.91432142842649 1037.6491542373124; 48.72733719655522 1037.6491542373124; 6.730061059103893 1037.6491542373124; 51.71263545782119 1037.6491542373124; 51.71263545782119 1037.6491542373124]
falsified with robustness -0.015947929059208155

statistics
  simulations 70
  total time  41s
  peak memory 848082 kb

trial 31/50
property □_[11.0, 50.0] ((((throttle < 8.8) && ◇_[0.0, 0.05] (40.0 < throttle)) || ((40.0 < throttle) && ◇_[0.0, 0.05] (throttle < 8.8))) ==> □_[1.0, 5.0] (abs(mu) < 0.008))
algorithm uniform random
  control points: 10
  budget: 100
falsification with 100 random samples ..............................................
inputs
  t__ = [0.0; 5.0; 10.0; 15.0; 20.0; 25.0; 30.0; 35.0; 40.0; 45.0; 50.0]
  u__ = [53.10669885422141 1021.6700473941189; 37.12353459405578 1021.6700473941189; 37.14676943025114 1021.6700473941189; 15.375788359299596 1021.6700473941189; 11.60039291059253 1021.6700473941189; 57.48306248053221 1021.6700473941189; 26.797784461183515 1021.6700473941189; 47.28279521278142 1021.6700473941189; 2.9317232277582703 1021.6700473941189; 53.18369551806693 1021.6700473941189; 53.18369551806693 1021.6700473941189]
falsified with robustness -0.013731406047323539

statistics
  simulations 46
  total time  26s
  peak memory 858539 kb

trial 32/50
property □_[11.0, 50.0] ((((throttle < 8.8) && ◇_[0.0, 0.05] (40.0 < throttle)) || ((40.0 < throttle) && ◇_[0.0, 0.05] (throttle < 8.8))) ==> □_[1.0, 5.0] (abs(mu) < 0.008))
algorithm uniform random
  control points: 10
  budget: 100
falsification with 100 random samples ...........................................................................................
inputs
  t__ = [0.0; 5.0; 10.0; 15.0; 20.0; 25.0; 30.0; 35.0; 40.0; 45.0; 50.0]
  u__ = [42.00482703335152 974.0309744418375; 16.647926961397157 974.0309744418375; 0.4141468777287754 974.0309744418375; 47.52124730480244 974.0309744418375; 15.970668276118735 974.0309744418375; 53.56854064752919 974.0309744418375; 38.72924930315828 974.0309744418375; 57.294873896413606 974.0309744418375; 24.826251427903888 974.0309744418375; 11.669938272794084 974.0309744418375; 11.669938272794084 974.0309744418375]
falsified with robustness -3.653209860414539E-4

statistics
  simulations 91
  total time  52s
  peak memory 859520 kb

trial 33/50
property □_[11.0, 50.0] ((((throttle < 8.8) && ◇_[0.0, 0.05] (40.0 < throttle)) || ((40.0 < throttle) && ◇_[0.0, 0.05] (throttle < 8.8))) ==> □_[1.0, 5.0] (abs(mu) < 0.008))
algorithm uniform random
  control points: 10
  budget: 100
falsification with 100 random samples .................
inputs
  t__ = [0.0; 5.0; 10.0; 15.0; 20.0; 25.0; 30.0; 35.0; 40.0; 45.0; 50.0]
  u__ = [18.720073263372505 959.1972611166735; 9.64576075601833 959.1972611166735; 26.27733326286624 959.1972611166735; 36.24824723585235 959.1972611166735; 4.400520903774819 959.1972611166735; 50.04749175490711 959.1972611166735; 57.800356720646256 959.1972611166735; 31.152111642996083 959.1972611166735; 19.211337095815807 959.1972611166735; 4.431835263536298 959.1972611166735; 4.431835263536298 959.1972611166735]
falsified with robustness -0.0026131497014672007

statistics
  simulations 17
  total time  9s
  peak memory 863651 kb

trial 34/50
property □_[11.0, 50.0] ((((throttle < 8.8) && ◇_[0.0, 0.05] (40.0 < throttle)) || ((40.0 < throttle) && ◇_[0.0, 0.05] (throttle < 8.8))) ==> □_[1.0, 5.0] (abs(mu) < 0.008))
algorithm uniform random
  control points: 10
  budget: 100
falsification with 100 random samples .........................................................................
inputs
  t__ = [0.0; 5.0; 10.0; 15.0; 20.0; 25.0; 30.0; 35.0; 40.0; 45.0; 50.0]
  u__ = [46.69856866795733 1030.8652923082711; 20.774718525546252 1030.8652923082711; 52.58090246581918 1030.8652923082711; 2.73226064525647 1030.8652923082711; 56.00919099626645 1030.8652923082711; 7.477076652715634 1030.8652923082711; 14.29819698282719 1030.8652923082711; 38.58053827071255 1030.8652923082711; 27.006514588453648 1030.8652923082711; 18.14663883951919 1030.8652923082711; 18.14663883951919 1030.8652923082711]
falsified with robustness -0.0022446113139807013

statistics
  simulations 73
  total time  41s
  peak memory 870046 kb

trial 35/50
property □_[11.0, 50.0] ((((throttle < 8.8) && ◇_[0.0, 0.05] (40.0 < throttle)) || ((40.0 < throttle) && ◇_[0.0, 0.05] (throttle < 8.8))) ==> □_[1.0, 5.0] (abs(mu) < 0.008))
algorithm uniform random
  control points: 10
  budget: 100
falsification with 100 random samples ....................................................................................................
inputs
  t__ = [0.0; 5.0; 10.0; 15.0; 20.0; 25.0; 30.0; 35.0; 40.0; 45.0; 50.0]
  u__ = [21.903935643177917 1056.2494972876038; 50.14874819564775 1056.2494972876038; 2.572137529296074 1056.2494972876038; 60.52796152789902 1056.2494972876038; 28.811034648548087 1056.2494972876038; 10.189562270619785 1056.2494972876038; 51.98407963910472 1056.2494972876038; 49.77589775476527 1056.2494972876038; 3.649760866438154 1056.2494972876038; 60.28489196733851 1056.2494972876038; 60.28489196733851 1056.2494972876038]
not falsified with robustness 7.066648758641556E-4

statistics
  simulations 100
  total time  58s
  peak memory 872039 kb

trial 36/50
property □_[11.0, 50.0] ((((throttle < 8.8) && ◇_[0.0, 0.05] (40.0 < throttle)) || ((40.0 < throttle) && ◇_[0.0, 0.05] (throttle < 8.8))) ==> □_[1.0, 5.0] (abs(mu) < 0.008))
algorithm uniform random
  control points: 10
  budget: 100
falsification with 100 random samples ....................................................................................................
inputs
  t__ = [0.0; 5.0; 10.0; 15.0; 20.0; 25.0; 30.0; 35.0; 40.0; 45.0; 50.0]
  u__ = [18.091452996240722 907.9945090846193; 32.15447076210809 907.9945090846193; 4.024146273002078 907.9945090846193; 42.839423420937806 907.9945090846193; 21.6817611301076 907.9945090846193; 8.759088122172788 907.9945090846193; 25.18408643130569 907.9945090846193; 10.892549093722781 907.9945090846193; 54.976431808958615 907.9945090846193; 14.394402871208458 907.9945090846193; 14.394402871208458 907.9945090846193]
not falsified with robustness 0.0032674677592520237

statistics
  simulations 100
  total time  59s
  peak memory 882149 kb

trial 37/50
property □_[11.0, 50.0] ((((throttle < 8.8) && ◇_[0.0, 0.05] (40.0 < throttle)) || ((40.0 < throttle) && ◇_[0.0, 0.05] (throttle < 8.8))) ==> □_[1.0, 5.0] (abs(mu) < 0.008))
algorithm uniform random
  control points: 10
  budget: 100
falsification with 100 random samples ....................................
inputs
  t__ = [0.0; 5.0; 10.0; 15.0; 20.0; 25.0; 30.0; 35.0; 40.0; 45.0; 50.0]
  u__ = [27.414608645536237 902.5289877177138; 0.6187730216930233 902.5289877177138; 27.507476466205027 902.5289877177138; 43.95863792613831 902.5289877177138; 30.38949466395013 902.5289877177138; 59.72165203407998 902.5289877177138; 19.379047483112785 902.5289877177138; 8.507132558758814 902.5289877177138; 51.11649746413404 902.5289877177138; 36.6512887126595 902.5289877177138; 36.6512887126595 902.5289877177138]
falsified with robustness -0.013282377474519203

statistics
  simulations 36
  total time  20s
  peak memory 882149 kb

trial 38/50
property □_[11.0, 50.0] ((((throttle < 8.8) && ◇_[0.0, 0.05] (40.0 < throttle)) || ((40.0 < throttle) && ◇_[0.0, 0.05] (throttle < 8.8))) ==> □_[1.0, 5.0] (abs(mu) < 0.008))
algorithm uniform random
  control points: 10
  budget: 100
falsification with 100 random samples ................
inputs
  t__ = [0.0; 5.0; 10.0; 15.0; 20.0; 25.0; 30.0; 35.0; 40.0; 45.0; 50.0]
  u__ = [14.575570129337818 1062.776107403783; 39.97022961140082 1062.776107403783; 46.84495339789541 1062.776107403783; 1.445732481760519 1062.776107403783; 37.064171687781226 1062.776107403783; 2.270951897216613 1062.776107403783; 4.393116430765251 1062.776107403783; 16.860341450085375 1062.776107403783; 21.501435257467385 1062.776107403783; 1.7084385442610284 1062.776107403783; 1.7084385442610284 1062.776107403783]
falsified with robustness -0.003799507146692284

statistics
  simulations 16
  total time  9s
  peak memory 884661 kb

trial 39/50
property □_[11.0, 50.0] ((((throttle < 8.8) && ◇_[0.0, 0.05] (40.0 < throttle)) || ((40.0 < throttle) && ◇_[0.0, 0.05] (throttle < 8.8))) ==> □_[1.0, 5.0] (abs(mu) < 0.008))
algorithm uniform random
  control points: 10
  budget: 100
falsification with 100 random samples ......
inputs
  t__ = [0.0; 5.0; 10.0; 15.0; 20.0; 25.0; 30.0; 35.0; 40.0; 45.0; 50.0]
  u__ = [35.8460291916472 941.465742475601; 43.16859296885184 941.465742475601; 42.61840364575148 941.465742475601; 6.929190035387475 941.465742475601; 25.539023401028683 941.465742475601; 54.658108109044 941.465742475601; 37.974557848003315 941.465742475601; 9.653043491521977 941.465742475601; 45.136931120859835 941.465742475601; 8.14545266176093 941.465742475601; 8.14545266176093 941.465742475601]
falsified with robustness -0.009507748939823858

statistics
  simulations 6
  total time  3s
  peak memory 884661 kb

trial 40/50
property □_[11.0, 50.0] ((((throttle < 8.8) && ◇_[0.0, 0.05] (40.0 < throttle)) || ((40.0 < throttle) && ◇_[0.0, 0.05] (throttle < 8.8))) ==> □_[1.0, 5.0] (abs(mu) < 0.008))
algorithm uniform random
  control points: 10
  budget: 100
falsification with 100 random samples .........................................................................
inputs
  t__ = [0.0; 5.0; 10.0; 15.0; 20.0; 25.0; 30.0; 35.0; 40.0; 45.0; 50.0]
  u__ = [34.479335530967845 1094.2468687073351; 41.03579319745806 1094.2468687073351; 29.219235298802502 1094.2468687073351; 55.1645153183119 1094.2468687073351; 10.338059771655269 1094.2468687073351; 2.048620234549079 1094.2468687073351; 47.723128233992085 1094.2468687073351; 42.20859161367237 1094.2468687073351; 58.66096412229345 1094.2468687073351; 2.8757813735631337 1094.2468687073351; 2.8757813735631337 1094.2468687073351]
falsified with robustness -0.00878596456007135

statistics
  simulations 73
  total time  42s
  peak memory 892441 kb

trial 41/50
property □_[11.0, 50.0] ((((throttle < 8.8) && ◇_[0.0, 0.05] (40.0 < throttle)) || ((40.0 < throttle) && ◇_[0.0, 0.05] (throttle < 8.8))) ==> □_[1.0, 5.0] (abs(mu) < 0.008))
algorithm uniform random
  control points: 10
  budget: 100
falsification with 100 random samples ...............................................................
inputs
  t__ = [0.0; 5.0; 10.0; 15.0; 20.0; 25.0; 30.0; 35.0; 40.0; 45.0; 50.0]
  u__ = [61.04373137743131 1056.2000900017194; 47.72945283124202 1056.2000900017194; 20.083294794174936 1056.2000900017194; 28.764319533396744 1056.2000900017194; 22.57785980400541 1056.2000900017194; 45.902851697667884 1056.2000900017194; 54.149166381021956 1056.2000900017194; 2.849642477554624 1056.2000900017194; 20.271082847781752 1056.2000900017194; 14.031923850422261 1056.2000900017194; 14.031923850422261 1056.2000900017194]
falsified with robustness -0.0023025159090747094

statistics
  simulations 63
  total time  35s
  peak memory 894407 kb

trial 42/50
property □_[11.0, 50.0] ((((throttle < 8.8) && ◇_[0.0, 0.05] (40.0 < throttle)) || ((40.0 < throttle) && ◇_[0.0, 0.05] (throttle < 8.8))) ==> □_[1.0, 5.0] (abs(mu) < 0.008))
algorithm uniform random
  control points: 10
  budget: 100
falsification with 100 random samples ...............................................................................
inputs
  t__ = [0.0; 5.0; 10.0; 15.0; 20.0; 25.0; 30.0; 35.0; 40.0; 45.0; 50.0]
  u__ = [23.1855329693523 1097.9403086251887; 1.003375748754055 1097.9403086251887; 44.254951956694974 1097.9403086251887; 34.89423380244438 1097.9403086251887; 4.186622923921283 1097.9403086251887; 59.60359776654201 1097.9403086251887; 26.0138395428201 1097.9403086251887; 4.185024490924439 1097.9403086251887; 35.893467894415856 1097.9403086251887; 35.027778382574894 1097.9403086251887; 35.027778382574894 1097.9403086251887]
falsified with robustness -0.002449322458674113

statistics
  simulations 79
  total time  47s
  peak memory 895363 kb

trial 43/50
property □_[11.0, 50.0] ((((throttle < 8.8) && ◇_[0.0, 0.05] (40.0 < throttle)) || ((40.0 < throttle) && ◇_[0.0, 0.05] (throttle < 8.8))) ==> □_[1.0, 5.0] (abs(mu) < 0.008))
algorithm uniform random
  control points: 10
  budget: 100
falsification with 100 random samples ....................................................................................................
inputs
  t__ = [0.0; 5.0; 10.0; 15.0; 20.0; 25.0; 30.0; 35.0; 40.0; 45.0; 50.0]
  u__ = [30.04968606528907 936.9549641951756; 25.215107450676275 936.9549641951756; 6.590454155023925 936.9549641951756; 31.61915318165908 936.9549641951756; 44.386346093360395 936.9549641951756; 8.385132151015872 936.9549641951756; 39.91376036806641 936.9549641951756; 0.5257564907213116 936.9549641951756; 11.140654595503692 936.9549641951756; 34.527013719412125 936.9549641951756; 34.527013719412125 936.9549641951756]
not falsified with robustness 0.004255001765522783

statistics
  simulations 100
  total time  61s
  peak memory 909563 kb

trial 44/50
property □_[11.0, 50.0] ((((throttle < 8.8) && ◇_[0.0, 0.05] (40.0 < throttle)) || ((40.0 < throttle) && ◇_[0.0, 0.05] (throttle < 8.8))) ==> □_[1.0, 5.0] (abs(mu) < 0.008))
algorithm uniform random
  control points: 10
  budget: 100
falsification with 100 random samples ................................................................
inputs
  t__ = [0.0; 5.0; 10.0; 15.0; 20.0; 25.0; 30.0; 35.0; 40.0; 45.0; 50.0]
  u__ = [44.71586106569218 1083.9824695021591; 31.15695433180904 1083.9824695021591; 45.53279620684318 1083.9824695021591; 39.08475977503866 1083.9824695021591; 22.10729211899269 1083.9824695021591; 19.59683610992429 1083.9824695021591; 50.16447554330413 1083.9824695021591; 24.848055992272478 1083.9824695021591; 7.8100557452250055 1083.9824695021591; 52.15409786018516 1083.9824695021591; 52.15409786018516 1083.9824695021591]
falsified with robustness -0.0022515830764217783

statistics
  simulations 64
  total time  36s
  peak memory 909563 kb

trial 45/50
property □_[11.0, 50.0] ((((throttle < 8.8) && ◇_[0.0, 0.05] (40.0 < throttle)) || ((40.0 < throttle) && ◇_[0.0, 0.05] (throttle < 8.8))) ==> □_[1.0, 5.0] (abs(mu) < 0.008))
algorithm uniform random
  control points: 10
  budget: 100
falsification with 100 random samples ..............................................
inputs
  t__ = [0.0; 5.0; 10.0; 15.0; 20.0; 25.0; 30.0; 35.0; 40.0; 45.0; 50.0]
  u__ = [30.747125470410722 928.0784053485528; 6.298180219575816 928.0784053485528; 45.31314288946011 928.0784053485528; 2.563814252298129 928.0784053485528; 15.062968126999795 928.0784053485528; 11.644139663871687 928.0784053485528; 1.9636922039031823 928.0784053485528; 35.128444774019144 928.0784053485528; 2.6434059793769586 928.0784053485528; 19.545316364776763 928.0784053485528; 19.545316364776763 928.0784053485528]
falsified with robustness -0.0175530842604314

statistics
  simulations 46
  total time  26s
  peak memory 917505 kb

trial 46/50
property □_[11.0, 50.0] ((((throttle < 8.8) && ◇_[0.0, 0.05] (40.0 < throttle)) || ((40.0 < throttle) && ◇_[0.0, 0.05] (throttle < 8.8))) ==> □_[1.0, 5.0] (abs(mu) < 0.008))
algorithm uniform random
  control points: 10
  budget: 100
falsification with 100 random samples ......................
inputs
  t__ = [0.0; 5.0; 10.0; 15.0; 20.0; 25.0; 30.0; 35.0; 40.0; 45.0; 50.0]
  u__ = [48.17137120528034 932.4494977274362; 59.76101791181209 932.4494977274362; 12.10694736050485 932.4494977274362; 42.59741976377433 932.4494977274362; 26.96535657891762 932.4494977274362; 18.44000609503701 932.4494977274362; 20.41431820634258 932.4494977274362; 56.4137743623138 932.4494977274362; 3.404527345419343 932.4494977274362; 42.337308440024614 932.4494977274362; 42.337308440024614 932.4494977274362]
falsified with robustness -0.013417146818509498

statistics
  simulations 22
  total time  12s
  peak memory 923866 kb

trial 47/50
property □_[11.0, 50.0] ((((throttle < 8.8) && ◇_[0.0, 0.05] (40.0 < throttle)) || ((40.0 < throttle) && ◇_[0.0, 0.05] (throttle < 8.8))) ==> □_[1.0, 5.0] (abs(mu) < 0.008))
algorithm uniform random
  control points: 10
  budget: 100
falsification with 100 random samples ....................
inputs
  t__ = [0.0; 5.0; 10.0; 15.0; 20.0; 25.0; 30.0; 35.0; 40.0; 45.0; 50.0]
  u__ = [24.983781610358893 1054.4559834955635; 5.638532529302808 1054.4559834955635; 16.398347631642313 1054.4559834955635; 14.07052117569373 1054.4559834955635; 51.110447597162015 1054.4559834955635; 2.1498925195109115 1054.4559834955635; 14.646935097856494 1054.4559834955635; 50.89601748225893 1054.4559834955635; 20.190877320632065 1054.4559834955635; 22.898546563800572 1054.4559834955635; 22.898546563800572 1054.4559834955635]
falsified with robustness -0.0019834187970532175

statistics
  simulations 20
  total time  12s
  peak memory 923866 kb

trial 48/50
property □_[11.0, 50.0] ((((throttle < 8.8) && ◇_[0.0, 0.05] (40.0 < throttle)) || ((40.0 < throttle) && ◇_[0.0, 0.05] (throttle < 8.8))) ==> □_[1.0, 5.0] (abs(mu) < 0.008))
algorithm uniform random
  control points: 10
  budget: 100
falsification with 100 random samples ..............
inputs
  t__ = [0.0; 5.0; 10.0; 15.0; 20.0; 25.0; 30.0; 35.0; 40.0; 45.0; 50.0]
  u__ = [35.63972318781626 941.866860992249; 33.07974296395244 941.866860992249; 7.090924982776007 941.866860992249; 42.21150670914396 941.866860992249; 0.4931976967830129 941.866860992249; 44.009207193249715 941.866860992249; 32.07952136260916 941.866860992249; 31.984118679682165 941.866860992249; 43.57721090640938 941.866860992249; 49.03921226949126 941.866860992249; 49.03921226949126 941.866860992249]
falsified with robustness -0.01776356854942174

statistics
  simulations 14
  total time  8s
  peak memory 923866 kb

trial 49/50
property □_[11.0, 50.0] ((((throttle < 8.8) && ◇_[0.0, 0.05] (40.0 < throttle)) || ((40.0 < throttle) && ◇_[0.0, 0.05] (throttle < 8.8))) ==> □_[1.0, 5.0] (abs(mu) < 0.008))
algorithm uniform random
  control points: 10
  budget: 100
falsification with 100 random samples ....................................................................................................
inputs
  t__ = [0.0; 5.0; 10.0; 15.0; 20.0; 25.0; 30.0; 35.0; 40.0; 45.0; 50.0]
  u__ = [56.118776060974525 1027.4353593437665; 49.15507460735351 1027.4353593437665; 37.02275296028074 1027.4353593437665; 5.619779073278284 1027.4353593437665; 30.681564302375577 1027.4353593437665; 49.329717727688596 1027.4353593437665; 5.75924466494008 1027.4353593437665; 46.33795656656431 1027.4353593437665; 37.16471024526619 1027.4353593437665; 11.372242821068472 1027.4353593437665; 11.372242821068472 1027.4353593437665]
not falsified with robustness 3.5109396760803387E-4

statistics
  simulations 100
  total time  56s
  peak memory 923866 kb

trial 50/50
property □_[11.0, 50.0] ((((throttle < 8.8) && ◇_[0.0, 0.05] (40.0 < throttle)) || ((40.0 < throttle) && ◇_[0.0, 0.05] (throttle < 8.8))) ==> □_[1.0, 5.0] (abs(mu) < 0.008))
algorithm uniform random
  control points: 10
  budget: 100
falsification with 100 random samples .......................................................................................
inputs
  t__ = [0.0; 5.0; 10.0; 15.0; 20.0; 25.0; 30.0; 35.0; 40.0; 45.0; 50.0]
  u__ = [47.76938718194187 1043.3366618937775; 39.01052331231999 1043.3366618937775; 4.485184523944099 1043.3366618937775; 49.6533533500655 1043.3366618937775; 22.207440605225777 1043.3366618937775; 60.87303330182411 1043.3366618937775; 4.785855225100442 1043.3366618937775; 23.582195428524667 1043.3366618937775; 52.730541842917454 1043.3366618937775; 0.4186074668939234 1043.3366618937775; 0.4186074668939234 1043.3366618937775]
falsified with robustness -0.025216781387073076

statistics
  simulations 87
  total time  51s
  peak memory 932163 kb

trial 1/50
property □_[11.0, 50.0] ((((throttle < 8.8) && ◇_[0.0, 0.05] (40.0 < throttle)) || ((40.0 < throttle) && ◇_[0.0, 0.05] (throttle < 8.8))) ==> □_[1.0, 5.0] (abs(mu) < 0.008))
algorithm adaptive
  control points: 10 10 10 10 10
  exploration ratio: 0.25
  budget: 100
......................................................

inputs
  t__ = [0.0; 5.0; 10.0; 15.0; 20.0; 25.0; 30.0; 35.0; 40.0; 45.0; 50.0]
  u__ = [30.55 900.0; 15.275 900.0; 61.1 900.0; 0.0 900.0; 0.0 900.0; 0.0 900.0; 15.275 900.0; 61.1 900.0; 30.55 900.0; 30.55 900.0; 30.55 900.0]
falsified with robustness -0.011763490332511634

statistics
  simulations 54
  total time  33s
  peak memory 937830 kb

trial 2/50
property □_[11.0, 50.0] ((((throttle < 8.8) && ◇_[0.0, 0.05] (40.0 < throttle)) || ((40.0 < throttle) && ◇_[0.0, 0.05] (throttle < 8.8))) ==> □_[1.0, 5.0] (abs(mu) < 0.008))
algorithm adaptive
  control points: 10 10 10 10 10
  exploration ratio: 0.25
  budget: 100
............

inputs
  t__ = [0.0; 5.0; 10.0; 15.0; 20.0; 25.0; 30.0; 35.0; 40.0; 45.0; 50.0]
  u__ = [0.0 900.0; 30.55 900.0; 61.1 900.0; 30.55 900.0; 45.825 900.0; 38.1875 900.0; 0.0 900.0; 61.1 900.0; 0.0 900.0; 30.55 900.0; 30.55 900.0]
falsified with robustness -0.00831411214732336

statistics
  simulations 12
  total time  8s
  peak memory 937830 kb

trial 3/50
property □_[11.0, 50.0] ((((throttle < 8.8) && ◇_[0.0, 0.05] (40.0 < throttle)) || ((40.0 < throttle) && ◇_[0.0, 0.05] (throttle < 8.8))) ==> □_[1.0, 5.0] (abs(mu) < 0.008))
algorithm adaptive
  control points: 10 10 10 10 10
  exploration ratio: 0.25
  budget: 100
..................................

inputs
  t__ = [0.0; 5.0; 10.0; 15.0; 20.0; 25.0; 30.0; 35.0; 40.0; 45.0; 50.0]
  u__ = [30.55 900.0; 0.0 900.0; 0.0 900.0; 0.0 900.0; 0.0 900.0; 22.9125 900.0; 30.55 900.0; 45.825 900.0; 0.0 900.0; 45.825 900.0; 45.825 900.0]
falsified with robustness -0.00861678870113039

statistics
  simulations 34
  total time  20s
  peak memory 937830 kb

trial 4/50
property □_[11.0, 50.0] ((((throttle < 8.8) && ◇_[0.0, 0.05] (40.0 < throttle)) || ((40.0 < throttle) && ◇_[0.0, 0.05] (throttle < 8.8))) ==> □_[1.0, 5.0] (abs(mu) < 0.008))
algorithm adaptive
  control points: 10 10 10 10 10
  exploration ratio: 0.25
  budget: 100
..........

inputs
  t__ = [0.0; 5.0; 10.0; 15.0; 20.0; 25.0; 30.0; 35.0; 40.0; 45.0; 50.0]
  u__ = [0.0 1100.0; 0.0 1100.0; 0.0 1100.0; 30.55 1100.0; 15.275 1100.0; 61.1 1100.0; 45.825 1100.0; 7.6375 1100.0; 0.0 1100.0; 61.1 1100.0; 61.1 1100.0]
falsified with robustness -0.01477034864759659

statistics
  simulations 10
  total time  6s
  peak memory 937830 kb

trial 5/50
property □_[11.0, 50.0] ((((throttle < 8.8) && ◇_[0.0, 0.05] (40.0 < throttle)) || ((40.0 < throttle) && ◇_[0.0, 0.05] (throttle < 8.8))) ==> □_[1.0, 5.0] (abs(mu) < 0.008))
algorithm adaptive
  control points: 10 10 10 10 10
  exploration ratio: 0.25
  budget: 100
...

inputs
  t__ = [0.0; 5.0; 10.0; 15.0; 20.0; 25.0; 30.0; 35.0; 40.0; 45.0; 50.0]
  u__ = [0.0 1100.0; 30.55 1100.0; 0.0 1100.0; 7.6375 1100.0; 11.45625 1100.0; 30.55 1100.0; 0.0 1100.0; 30.55 1100.0; 61.1 1100.0; 0.0 1100.0; 0.0 1100.0]
falsified with robustness -0.012823743788162773

statistics
  simulations 3
  total time  1s
  peak memory 937830 kb

trial 6/50
property □_[11.0, 50.0] ((((throttle < 8.8) && ◇_[0.0, 0.05] (40.0 < throttle)) || ((40.0 < throttle) && ◇_[0.0, 0.05] (throttle < 8.8))) ==> □_[1.0, 5.0] (abs(mu) < 0.008))
algorithm adaptive
  control points: 10 10 10 10 10
  exploration ratio: 0.25
  budget: 100
.................

inputs
  t__ = [0.0; 5.0; 10.0; 15.0; 20.0; 25.0; 30.0; 35.0; 40.0; 45.0; 50.0]
  u__ = [0.0 1000.0; 30.55 1000.0; 30.55 1000.0; 0.0 1000.0; 61.1 1000.0; 61.1 1000.0; 0.0 1000.0; 30.55 1000.0; 0.0 1000.0; 53.4625 1000.0; 53.4625 1000.0]
falsified with robustness -0.008335296207106883

statistics
  simulations 17
  total time  10s
  peak memory 937830 kb

trial 7/50
property □_[11.0, 50.0] ((((throttle < 8.8) && ◇_[0.0, 0.05] (40.0 < throttle)) || ((40.0 < throttle) && ◇_[0.0, 0.05] (throttle < 8.8))) ==> □_[1.0, 5.0] (abs(mu) < 0.008))
algorithm adaptive
  control points: 10 10 10 10 10
  exploration ratio: 0.25
  budget: 100
..........................................................................

inputs
  t__ = [0.0; 5.0; 10.0; 15.0; 20.0; 25.0; 30.0; 35.0; 40.0; 45.0; 50.0]
  u__ = [0.0 975.0; 45.825 975.0; 61.1 975.0; 0.0 975.0; 45.825 975.0; 61.1 975.0; 45.825 975.0; 61.1 975.0; 30.55 975.0; 0.0 975.0; 0.0 975.0]
falsified with robustness -0.008625126513529265

statistics
  simulations 74
  total time  47s
  peak memory 937830 kb

trial 8/50
property □_[11.0, 50.0] ((((throttle < 8.8) && ◇_[0.0, 0.05] (40.0 < throttle)) || ((40.0 < throttle) && ◇_[0.0, 0.05] (throttle < 8.8))) ==> □_[1.0, 5.0] (abs(mu) < 0.008))
algorithm adaptive
  control points: 10 10 10 10 10
  exploration ratio: 0.25
  budget: 100
.............................................

inputs
  t__ = [0.0; 5.0; 10.0; 15.0; 20.0; 25.0; 30.0; 35.0; 40.0; 45.0; 50.0]
  u__ = [0.0 1000.0; 61.1 1000.0; 0.0 1000.0; 61.1 1000.0; 45.825 1000.0; 30.55 1000.0; 61.1 1000.0; 53.4625 1000.0; 15.275 1000.0; 0.0 1000.0; 0.0 1000.0]
falsified with robustness -0.00280365621840749

statistics
  simulations 45
  total time  27s
  peak memory 937830 kb

trial 9/50
property □_[11.0, 50.0] ((((throttle < 8.8) && ◇_[0.0, 0.05] (40.0 < throttle)) || ((40.0 < throttle) && ◇_[0.0, 0.05] (throttle < 8.8))) ==> □_[1.0, 5.0] (abs(mu) < 0.008))
algorithm adaptive
  control points: 10 10 10 10 10
  exploration ratio: 0.25
  budget: 100
.

inputs
  t__ = [0.0; 5.0; 10.0; 15.0; 20.0; 25.0; 30.0; 35.0; 40.0; 45.0; 50.0]
  u__ = [30.55 1100.0; 15.275 1100.0; 45.825 1100.0; 0.0 1100.0; 61.1 1100.0; 30.55 1100.0; 15.275 1100.0; 0.0 1100.0; 30.55 1100.0; 0.0 1100.0; 0.0 1100.0]
falsified with robustness -8.778148693648624E-4

statistics
  simulations 1
  total time  0s
  peak memory 937830 kb

trial 10/50
property □_[11.0, 50.0] ((((throttle < 8.8) && ◇_[0.0, 0.05] (40.0 < throttle)) || ((40.0 < throttle) && ◇_[0.0, 0.05] (throttle < 8.8))) ==> □_[1.0, 5.0] (abs(mu) < 0.008))
algorithm adaptive
  control points: 10 10 10 10 10
  exploration ratio: 0.25
  budget: 100
............................................................

inputs
  t__ = [0.0; 5.0; 10.0; 15.0; 20.0; 25.0; 30.0; 35.0; 40.0; 45.0; 50.0]
  u__ = [61.1 900.0; 30.55 900.0; 0.0 900.0; 61.1 900.0; 61.1 900.0; 0.0 900.0; 53.4625 900.0; 49.643750000000004 900.0; 53.4625 900.0; 0.0 900.0; 0.0 900.0]
falsified with robustness -0.012602449972034833

statistics
  simulations 60
  total time  37s
  peak memory 937830 kb

trial 11/50
property □_[11.0, 50.0] ((((throttle < 8.8) && ◇_[0.0, 0.05] (40.0 < throttle)) || ((40.0 < throttle) && ◇_[0.0, 0.05] (throttle < 8.8))) ==> □_[1.0, 5.0] (abs(mu) < 0.008))
algorithm adaptive
  control points: 10 10 10 10 10
  exploration ratio: 0.25
  budget: 100
.....................................

inputs
  t__ = [0.0; 5.0; 10.0; 15.0; 20.0; 25.0; 30.0; 35.0; 40.0; 45.0; 50.0]
  u__ = [30.55 1100.0; 0.0 1100.0; 0.0 1100.0; 61.1 1100.0; 30.55 1100.0; 15.275 1100.0; 0.0 1100.0; 30.55 1100.0; 49.643750000000004 1100.0; 0.0 1100.0; 0.0 1100.0]
falsified with robustness -0.009970996825145628

statistics
  simulations 37
  total time  22s
  peak memory 937830 kb

trial 12/50
property □_[11.0, 50.0] ((((throttle < 8.8) && ◇_[0.0, 0.05] (40.0 < throttle)) || ((40.0 < throttle) && ◇_[0.0, 0.05] (throttle < 8.8))) ==> □_[1.0, 5.0] (abs(mu) < 0.008))
algorithm adaptive
  control points: 10 10 10 10 10
  exploration ratio: 0.25
  budget: 100
..................

inputs
  t__ = [0.0; 5.0; 10.0; 15.0; 20.0; 25.0; 30.0; 35.0; 40.0; 45.0; 50.0]
  u__ = [61.1 900.0; 0.0 900.0; 0.0 900.0; 26.73125 900.0; 45.825 900.0; 0.0 900.0; 61.1 900.0; 61.1 900.0; 0.0 900.0; 30.55 900.0; 30.55 900.0]
falsified with robustness -0.008125345586413188

statistics
  simulations 18
  total time  11s
  peak memory 937830 kb

trial 13/50
property □_[11.0, 50.0] ((((throttle < 8.8) && ◇_[0.0, 0.05] (40.0 < throttle)) || ((40.0 < throttle) && ◇_[0.0, 0.05] (throttle < 8.8))) ==> □_[1.0, 5.0] (abs(mu) < 0.008))
algorithm adaptive
  control points: 10 10 10 10 10
  exploration ratio: 0.25
  budget: 100
......................

inputs
  t__ = [0.0; 5.0; 10.0; 15.0; 20.0; 25.0; 30.0; 35.0; 40.0; 45.0; 50.0]
  u__ = [61.1 1025.0; 0.0 1025.0; 3.81875 1025.0; 61.1 1025.0; 45.825 1025.0; 30.55 1025.0; 0.0 1025.0; 30.55 1025.0; 61.1 1025.0; 30.55 1025.0; 30.55 1025.0]
falsified with robustness -0.0018217639036870945

statistics
  simulations 22
  total time  13s
  peak memory 937830 kb

trial 14/50
property □_[11.0, 50.0] ((((throttle < 8.8) && ◇_[0.0, 0.05] (40.0 < throttle)) || ((40.0 < throttle) && ◇_[0.0, 0.05] (throttle < 8.8))) ==> □_[1.0, 5.0] (abs(mu) < 0.008))
algorithm adaptive
  control points: 10 10 10 10 10
  exploration ratio: 0.25
  budget: 100
........................

inputs
  t__ = [0.0; 5.0; 10.0; 15.0; 20.0; 25.0; 30.0; 35.0; 40.0; 45.0; 50.0]
  u__ = [26.73125 900.0; 61.1 900.0; 45.825 900.0; 30.55 900.0; 30.55 900.0; 22.9125 900.0; 61.1 900.0; 61.1 900.0; 0.0 900.0; 61.1 900.0; 61.1 900.0]
falsified with robustness -3.020504217312453E-5

statistics
  simulations 24
  total time  14s
  peak memory 937830 kb

trial 15/50
property □_[11.0, 50.0] ((((throttle < 8.8) && ◇_[0.0, 0.05] (40.0 < throttle)) || ((40.0 < throttle) && ◇_[0.0, 0.05] (throttle < 8.8))) ==> □_[1.0, 5.0] (abs(mu) < 0.008))
algorithm adaptive
  control points: 10 10 10 10 10
  exploration ratio: 0.25
  budget: 100
...................

inputs
  t__ = [0.0; 5.0; 10.0; 15.0; 20.0; 25.0; 30.0; 35.0; 40.0; 45.0; 50.0]
  u__ = [0.0 1075.0; 61.1 1075.0; 30.55 1075.0; 30.55 1075.0; 0.0 1075.0; 61.1 1075.0; 0.0 1075.0; 53.4625 1075.0; 30.55 1075.0; 0.0 1075.0; 0.0 1075.0]
falsified with robustness -0.003953617493339938

statistics
  simulations 19
  total time  11s
  peak memory 937830 kb

trial 16/50
property □_[11.0, 50.0] ((((throttle < 8.8) && ◇_[0.0, 0.05] (40.0 < throttle)) || ((40.0 < throttle) && ◇_[0.0, 0.05] (throttle < 8.8))) ==> □_[1.0, 5.0] (abs(mu) < 0.008))
algorithm adaptive
  control points: 10 10 10 10 10
  exploration ratio: 0.25
  budget: 100
.........................................

inputs
  t__ = [0.0; 5.0; 10.0; 15.0; 20.0; 25.0; 30.0; 35.0; 40.0; 45.0; 50.0]
  u__ = [0.0 1100.0; 30.55 1100.0; 0.0 1100.0; 0.0 1100.0; 53.4625 1100.0; 61.1 1100.0; 0.0 1100.0; 15.275 1100.0; 0.0 1100.0; 61.1 1100.0; 61.1 1100.0]
falsified with robustness -0.004946397486835822

statistics
  simulations 41
  total time  27s
  peak memory 937830 kb

trial 17/50
property □_[11.0, 50.0] ((((throttle < 8.8) && ◇_[0.0, 0.05] (40.0 < throttle)) || ((40.0 < throttle) && ◇_[0.0, 0.05] (throttle < 8.8))) ==> □_[1.0, 5.0] (abs(mu) < 0.008))
algorithm adaptive
  control points: 10 10 10 10 10
  exploration ratio: 0.25
  budget: 100
...................................................

inputs
  t__ = [0.0; 5.0; 10.0; 15.0; 20.0; 25.0; 30.0; 35.0; 40.0; 45.0; 50.0]
  u__ = [0.0 900.0; 45.825 900.0; 15.275 900.0; 61.1 900.0; 19.09375 900.0; 45.825 900.0; 30.55 900.0; 61.1 900.0; 61.1 900.0; 0.0 900.0; 0.0 900.0]
falsified with robustness -0.008489373863648193

statistics
  simulations 51
  total time  34s
  peak memory 937830 kb

trial 18/50
property □_[11.0, 50.0] ((((throttle < 8.8) && ◇_[0.0, 0.05] (40.0 < throttle)) || ((40.0 < throttle) && ◇_[0.0, 0.05] (throttle < 8.8))) ==> □_[1.0, 5.0] (abs(mu) < 0.008))
algorithm adaptive
  control points: 10 10 10 10 10
  exploration ratio: 0.25
  budget: 100
..........

inputs
  t__ = [0.0; 5.0; 10.0; 15.0; 20.0; 25.0; 30.0; 35.0; 40.0; 45.0; 50.0]
  u__ = [0.0 1100.0; 30.55 1100.0; 30.55 1100.0; 30.55 1100.0; 53.4625 1100.0; 30.55 1100.0; 45.825 1100.0; 7.6375 1100.0; 0.0 1100.0; 61.1 1100.0; 61.1 1100.0]
falsified with robustness -0.011284910885512662

statistics
  simulations 10
  total time  6s
  peak memory 937830 kb

trial 19/50
property □_[11.0, 50.0] ((((throttle < 8.8) && ◇_[0.0, 0.05] (40.0 < throttle)) || ((40.0 < throttle) && ◇_[0.0, 0.05] (throttle < 8.8))) ==> □_[1.0, 5.0] (abs(mu) < 0.008))
algorithm adaptive
  control points: 10 10 10 10 10
  exploration ratio: 0.25
  budget: 100
......................

inputs
  t__ = [0.0; 5.0; 10.0; 15.0; 20.0; 25.0; 30.0; 35.0; 40.0; 45.0; 50.0]
  u__ = [30.55 900.0; 0.0 900.0; 15.275 900.0; 0.0 900.0; 49.643750000000004 900.0; 30.55 900.0; 0.0 900.0; 30.55 900.0; 61.1 900.0; 0.0 900.0; 0.0 900.0]
falsified with robustness -0.011763216394306008

statistics
  simulations 22
  total time  13s
  peak memory 937830 kb

trial 20/50
property □_[11.0, 50.0] ((((throttle < 8.8) && ◇_[0.0, 0.05] (40.0 < throttle)) || ((40.0 < throttle) && ◇_[0.0, 0.05] (throttle < 8.8))) ==> □_[1.0, 5.0] (abs(mu) < 0.008))
algorithm adaptive
  control points: 10 10 10 10 10
  exploration ratio: 0.25
  budget: 100
.....

inputs
  t__ = [0.0; 5.0; 10.0; 15.0; 20.0; 25.0; 30.0; 35.0; 40.0; 45.0; 50.0]
  u__ = [0.0 1000.0; 61.1 1000.0; 0.0 1000.0; 53.4625 1000.0; 53.4625 1000.0; 7.6375 1000.0; 26.73125 1000.0; 61.1 1000.0; 22.9125 1000.0; 38.1875 1000.0; 38.1875 1000.0]
falsified with robustness -0.0016115729320609184

statistics
  simulations 5
  total time  5s
  peak memory 937830 kb

trial 21/50
property □_[11.0, 50.0] ((((throttle < 8.8) && ◇_[0.0, 0.05] (40.0 < throttle)) || ((40.0 < throttle) && ◇_[0.0, 0.05] (throttle < 8.8))) ==> □_[1.0, 5.0] (abs(mu) < 0.008))
algorithm adaptive
  control points: 10 10 10 10 10
  exploration ratio: 0.25
  budget: 100
..............

inputs
  t__ = [0.0; 5.0; 10.0; 15.0; 20.0; 25.0; 30.0; 35.0; 40.0; 45.0; 50.0]
  u__ = [38.1875 1100.0; 61.1 1100.0; 0.0 1100.0; 61.1 1100.0; 30.55 1100.0; 0.0 1100.0; 34.36875 1100.0; 0.0 1100.0; 7.6375 1100.0; 15.275 1100.0; 15.275 1100.0]
falsified with robustness -0.006504108841122963

statistics
  simulations 14
  total time  8s
  peak memory 937830 kb

trial 22/50
property □_[11.0, 50.0] ((((throttle < 8.8) && ◇_[0.0, 0.05] (40.0 < throttle)) || ((40.0 < throttle) && ◇_[0.0, 0.05] (throttle < 8.8))) ==> □_[1.0, 5.0] (abs(mu) < 0.008))
algorithm adaptive
  control points: 10 10 10 10 10
  exploration ratio: 0.25
  budget: 100
...............................................................................

inputs
  t__ = [0.0; 5.0; 10.0; 15.0; 20.0; 25.0; 30.0; 35.0; 40.0; 45.0; 50.0]
  u__ = [30.55 950.0; 7.6375 950.0; 0.0 950.0; 30.55 950.0; 61.1 950.0; 61.1 950.0; 0.0 950.0; 0.0 950.0; 61.1 950.0; 0.0 950.0; 0.0 950.0]
falsified with robustness -0.006396586839095485

statistics
  simulations 79
  total time  50s
  peak memory 937830 kb

trial 23/50
property □_[11.0, 50.0] ((((throttle < 8.8) && ◇_[0.0, 0.05] (40.0 < throttle)) || ((40.0 < throttle) && ◇_[0.0, 0.05] (throttle < 8.8))) ==> □_[1.0, 5.0] (abs(mu) < 0.008))
algorithm adaptive
  control points: 10 10 10 10 10
  exploration ratio: 0.25
  budget: 100
.................................

inputs
  t__ = [0.0; 5.0; 10.0; 15.0; 20.0; 25.0; 30.0; 35.0; 40.0; 45.0; 50.0]
  u__ = [61.1 900.0; 61.1 900.0; 15.275 900.0; 0.0 900.0; 61.1 900.0; 11.45625 900.0; 45.825 900.0; 61.1 900.0; 0.0 900.0; 61.1 900.0; 61.1 900.0]
falsified with robustness -0.009347358093517923

statistics
  simulations 33
  total time  22s
  peak memory 937830 kb

trial 24/50
property □_[11.0, 50.0] ((((throttle < 8.8) && ◇_[0.0, 0.05] (40.0 < throttle)) || ((40.0 < throttle) && ◇_[0.0, 0.05] (throttle < 8.8))) ==> □_[1.0, 5.0] (abs(mu) < 0.008))
algorithm adaptive
  control points: 10 10 10 10 10
  exploration ratio: 0.25
  budget: 100
..............

inputs
  t__ = [0.0; 5.0; 10.0; 15.0; 20.0; 25.0; 30.0; 35.0; 40.0; 45.0; 50.0]
  u__ = [0.0 975.0; 61.1 975.0; 0.0 975.0; 45.825 975.0; 0.0 975.0; 30.55 975.0; 0.0 975.0; 30.55 975.0; 0.0 975.0; 30.55 975.0; 30.55 975.0]
falsified with robustness -0.004637269883065103

statistics
  simulations 14
  total time  9s
  peak memory 937830 kb

trial 25/50
property □_[11.0, 50.0] ((((throttle < 8.8) && ◇_[0.0, 0.05] (40.0 < throttle)) || ((40.0 < throttle) && ◇_[0.0, 0.05] (throttle < 8.8))) ==> □_[1.0, 5.0] (abs(mu) < 0.008))
algorithm adaptive
  control points: 10 10 10 10 10
  exploration ratio: 0.25
  budget: 100
........................................

inputs
  t__ = [0.0; 5.0; 10.0; 15.0; 20.0; 25.0; 30.0; 35.0; 40.0; 45.0; 50.0]
  u__ = [53.4625 1100.0; 15.275 1100.0; 53.4625 1100.0; 0.0 1100.0; 0.0 1100.0; 0.0 1100.0; 61.1 1100.0; 45.825 1100.0; 0.0 1100.0; 0.0 1100.0; 0.0 1100.0]
falsified with robustness -0.004534352881558875

statistics
  simulations 40
  total time  24s
  peak memory 937830 kb

trial 26/50
property □_[11.0, 50.0] ((((throttle < 8.8) && ◇_[0.0, 0.05] (40.0 < throttle)) || ((40.0 < throttle) && ◇_[0.0, 0.05] (throttle < 8.8))) ==> □_[1.0, 5.0] (abs(mu) < 0.008))
algorithm adaptive
  control points: 10 10 10 10 10
  exploration ratio: 0.25
  budget: 100
....

inputs
  t__ = [0.0; 5.0; 10.0; 15.0; 20.0; 25.0; 30.0; 35.0; 40.0; 45.0; 50.0]
  u__ = [61.1 1000.0; 30.55 1000.0; 30.55 1000.0; 0.0 1000.0; 61.1 1000.0; 45.825 1000.0; 61.1 1000.0; 30.55 1000.0; 30.55 1000.0; 61.1 1000.0; 61.1 1000.0]
falsified with robustness -0.02179788775798646

statistics
  simulations 4
  total time  2s
  peak memory 937830 kb

trial 27/50
property □_[11.0, 50.0] ((((throttle < 8.8) && ◇_[0.0, 0.05] (40.0 < throttle)) || ((40.0 < throttle) && ◇_[0.0, 0.05] (throttle < 8.8))) ==> □_[1.0, 5.0] (abs(mu) < 0.008))
algorithm adaptive
  control points: 10 10 10 10 10
  exploration ratio: 0.25
  budget: 100
....................................................................................................

inputs
  t__ = [0.0; 5.0; 10.0; 15.0; 20.0; 25.0; 30.0; 35.0; 40.0; 45.0; 50.0]
  u__ = [0.0 1000.0; 0.0 1000.0; 0.0 1000.0; 0.0 1000.0; 0.0 1000.0; 30.55 1000.0; 30.55 1000.0; 30.55 1000.0; 0.0 1000.0; 15.275 1000.0; 15.275 1000.0]
not falsified with robustness 9.45

statistics
  simulations 100
  total time  63s
  peak memory 937830 kb

trial 28/50
property □_[11.0, 50.0] ((((throttle < 8.8) && ◇_[0.0, 0.05] (40.0 < throttle)) || ((40.0 < throttle) && ◇_[0.0, 0.05] (throttle < 8.8))) ==> □_[1.0, 5.0] (abs(mu) < 0.008))
algorithm adaptive
  control points: 10 10 10 10 10
  exploration ratio: 0.25
  budget: 100
........................

inputs
  t__ = [0.0; 5.0; 10.0; 15.0; 20.0; 25.0; 30.0; 35.0; 40.0; 45.0; 50.0]
  u__ = [30.55 900.0; 15.275 900.0; 61.1 900.0; 0.0 900.0; 30.55 900.0; 53.4625 900.0; 34.36875 900.0; 61.1 900.0; 45.825 900.0; 15.275 900.0; 15.275 900.0]
falsified with robustness -0.011579085813306824

statistics
  simulations 24
  total time  18s
  peak memory 937830 kb

trial 29/50
property □_[11.0, 50.0] ((((throttle < 8.8) && ◇_[0.0, 0.05] (40.0 < throttle)) || ((40.0 < throttle) && ◇_[0.0, 0.05] (throttle < 8.8))) ==> □_[1.0, 5.0] (abs(mu) < 0.008))
algorithm adaptive
  control points: 10 10 10 10 10
  exploration ratio: 0.25
  budget: 100
...............................................................................

inputs
  t__ = [0.0; 5.0; 10.0; 15.0; 20.0; 25.0; 30.0; 35.0; 40.0; 45.0; 50.0]
  u__ = [30.55 1100.0; 15.275 1100.0; 61.1 1100.0; 61.1 1100.0; 30.55 1100.0; 45.825 1100.0; 61.1 1100.0; 0.0 1100.0; 53.4625 1100.0; 61.1 1100.0; 61.1 1100.0]
falsified with robustness -0.012462297079483334

statistics
  simulations 79
  total time  49s
  peak memory 937830 kb

trial 30/50
property □_[11.0, 50.0] ((((throttle < 8.8) && ◇_[0.0, 0.05] (40.0 < throttle)) || ((40.0 < throttle) && ◇_[0.0, 0.05] (throttle < 8.8))) ==> □_[1.0, 5.0] (abs(mu) < 0.008))
algorithm adaptive
  control points: 10 10 10 10 10
  exploration ratio: 0.25
  budget: 100
...........

inputs
  t__ = [0.0; 5.0; 10.0; 15.0; 20.0; 25.0; 30.0; 35.0; 40.0; 45.0; 50.0]
  u__ = [30.55 1100.0; 0.0 1100.0; 0.0 1100.0; 30.55 1100.0; 30.55 1100.0; 61.1 1100.0; 61.1 1100.0; 0.0 1100.0; 53.4625 1100.0; 0.0 1100.0; 0.0 1100.0]
falsified with robustness -0.018312312675299664

statistics
  simulations 11
  total time  6s
  peak memory 937830 kb

trial 31/50
property □_[11.0, 50.0] ((((throttle < 8.8) && ◇_[0.0, 0.05] (40.0 < throttle)) || ((40.0 < throttle) && ◇_[0.0, 0.05] (throttle < 8.8))) ==> □_[1.0, 5.0] (abs(mu) < 0.008))
algorithm adaptive
  control points: 10 10 10 10 10
  exploration ratio: 0.25
  budget: 100
...............................

inputs
  t__ = [0.0; 5.0; 10.0; 15.0; 20.0; 25.0; 30.0; 35.0; 40.0; 45.0; 50.0]
  u__ = [0.0 1100.0; 53.4625 1100.0; 45.825 1100.0; 45.825 1100.0; 30.55 1100.0; 30.55 1100.0; 0.0 1100.0; 61.1 1100.0; 0.0 1100.0; 0.0 1100.0; 0.0 1100.0]
falsified with robustness -6.676110440794001E-4

statistics
  simulations 31
  total time  21s
  peak memory 937830 kb

trial 32/50
property □_[11.0, 50.0] ((((throttle < 8.8) && ◇_[0.0, 0.05] (40.0 < throttle)) || ((40.0 < throttle) && ◇_[0.0, 0.05] (throttle < 8.8))) ==> □_[1.0, 5.0] (abs(mu) < 0.008))
algorithm adaptive
  control points: 10 10 10 10 10
  exploration ratio: 0.25
  budget: 100
......

inputs
  t__ = [0.0; 5.0; 10.0; 15.0; 20.0; 25.0; 30.0; 35.0; 40.0; 45.0; 50.0]
  u__ = [30.55 1100.0; 0.0 1100.0; 15.275 1100.0; 45.825 1100.0; 30.55 1100.0; 7.6375 1100.0; 0.0 1100.0; 61.1 1100.0; 0.0 1100.0; 0.0 1100.0; 0.0 1100.0]
falsified with robustness -0.002798211679801819

statistics
  simulations 6
  total time  3s
  peak memory 937830 kb

trial 33/50
property □_[11.0, 50.0] ((((throttle < 8.8) && ◇_[0.0, 0.05] (40.0 < throttle)) || ((40.0 < throttle) && ◇_[0.0, 0.05] (throttle < 8.8))) ==> □_[1.0, 5.0] (abs(mu) < 0.008))
algorithm adaptive
  control points: 10 10 10 10 10
  exploration ratio: 0.25
  budget: 100
.............................................

inputs
  t__ = [0.0; 5.0; 10.0; 15.0; 20.0; 25.0; 30.0; 35.0; 40.0; 45.0; 50.0]
  u__ = [61.1 1000.0; 61.1 1000.0; 15.275 1000.0; 0.0 1000.0; 61.1 1000.0; 0.0 1000.0; 61.1 1000.0; 38.1875 1000.0; 61.1 1000.0; 30.55 1000.0; 30.55 1000.0]
falsified with robustness -0.006795182960968945

statistics
  simulations 45
  total time  31s
  peak memory 937830 kb

trial 34/50
property □_[11.0, 50.0] ((((throttle < 8.8) && ◇_[0.0, 0.05] (40.0 < throttle)) || ((40.0 < throttle) && ◇_[0.0, 0.05] (throttle < 8.8))) ==> □_[1.0, 5.0] (abs(mu) < 0.008))
algorithm adaptive
  control points: 10 10 10 10 10
  exploration ratio: 0.25
  budget: 100
.........

inputs
  t__ = [0.0; 5.0; 10.0; 15.0; 20.0; 25.0; 30.0; 35.0; 40.0; 45.0; 50.0]
  u__ = [0.0 975.0; 30.55 975.0; 0.0 975.0; 61.1 975.0; 0.0 975.0; 61.1 975.0; 45.825 975.0; 0.0 975.0; 61.1 975.0; 15.275 975.0; 15.275 975.0]
falsified with robustness -0.004363140725217629

statistics
  simulations 9
  total time  5s
  peak memory 937830 kb

trial 35/50
property □_[11.0, 50.0] ((((throttle < 8.8) && ◇_[0.0, 0.05] (40.0 < throttle)) || ((40.0 < throttle) && ◇_[0.0, 0.05] (throttle < 8.8))) ==> □_[1.0, 5.0] (abs(mu) < 0.008))
algorithm adaptive
  control points: 10 10 10 10 10
  exploration ratio: 0.25
  budget: 100
.................

inputs
  t__ = [0.0; 5.0; 10.0; 15.0; 20.0; 25.0; 30.0; 35.0; 40.0; 45.0; 50.0]
  u__ = [53.4625 900.0; 30.55 900.0; 0.0 900.0; 61.1 900.0; 3.81875 900.0; 61.1 900.0; 0.0 900.0; 38.1875 900.0; 61.1 900.0; 0.0 900.0; 0.0 900.0]
falsified with robustness -0.012265618138437635

statistics
  simulations 17
  total time  10s
  peak memory 937830 kb

trial 36/50
property □_[11.0, 50.0] ((((throttle < 8.8) && ◇_[0.0, 0.05] (40.0 < throttle)) || ((40.0 < throttle) && ◇_[0.0, 0.05] (throttle < 8.8))) ==> □_[1.0, 5.0] (abs(mu) < 0.008))
algorithm adaptive
  control points: 10 10 10 10 10
  exploration ratio: 0.25
  budget: 100
............................................................................................

inputs
  t__ = [0.0; 5.0; 10.0; 15.0; 20.0; 25.0; 30.0; 35.0; 40.0; 45.0; 50.0]
  u__ = [0.0 1000.0; 0.0 1000.0; 61.1 1000.0; 30.55 1000.0; 61.1 1000.0; 61.1 1000.0; 30.55 1000.0; 61.1 1000.0; 0.0 1000.0; 30.55 1000.0; 30.55 1000.0]
falsified with robustness -1.7870498569706218E-4

statistics
  simulations 92
  total time  59s
  peak memory 948616 kb

trial 37/50
property □_[11.0, 50.0] ((((throttle < 8.8) && ◇_[0.0, 0.05] (40.0 < throttle)) || ((40.0 < throttle) && ◇_[0.0, 0.05] (throttle < 8.8))) ==> □_[1.0, 5.0] (abs(mu) < 0.008))
algorithm adaptive
  control points: 10 10 10 10 10
  exploration ratio: 0.25
  budget: 100
....................................................................................................

inputs
  t__ = [0.0; 5.0; 10.0; 15.0; 20.0; 25.0; 30.0; 35.0; 40.0; 45.0; 50.0]
  u__ = [53.4625 900.0; 45.825 900.0; 30.55 900.0; 0.0 900.0; 0.0 900.0; 0.0 900.0; 0.0 900.0; 61.1 900.0; 15.275 900.0; 61.1 900.0; 61.1 900.0]
not falsified with robustness 0.006476869189909954

statistics
  simulations 100
  total time  62s
  peak memory 955708 kb

trial 38/50
property □_[11.0, 50.0] ((((throttle < 8.8) && ◇_[0.0, 0.05] (40.0 < throttle)) || ((40.0 < throttle) && ◇_[0.0, 0.05] (throttle < 8.8))) ==> □_[1.0, 5.0] (abs(mu) < 0.008))
algorithm adaptive
  control points: 10 10 10 10 10
  exploration ratio: 0.25
  budget: 100
......

inputs
  t__ = [0.0; 5.0; 10.0; 15.0; 20.0; 25.0; 30.0; 35.0; 40.0; 45.0; 50.0]
  u__ = [61.1 900.0; 53.4625 900.0; 3.81875 900.0; 30.55 900.0; 0.0 900.0; 0.0 900.0; 61.1 900.0; 57.28125 900.0; 0.0 900.0; 0.0 900.0; 0.0 900.0]
falsified with robustness -0.00146937491492544

statistics
  simulations 6
  total time  3s
  peak memory 955708 kb

trial 39/50
property □_[11.0, 50.0] ((((throttle < 8.8) && ◇_[0.0, 0.05] (40.0 < throttle)) || ((40.0 < throttle) && ◇_[0.0, 0.05] (throttle < 8.8))) ==> □_[1.0, 5.0] (abs(mu) < 0.008))
algorithm adaptive
  control points: 10 10 10 10 10
  exploration ratio: 0.25
  budget: 100
..

inputs
  t__ = [0.0; 5.0; 10.0; 15.0; 20.0; 25.0; 30.0; 35.0; 40.0; 45.0; 50.0]
  u__ = [0.0 900.0; 30.55 900.0; 30.55 900.0; 0.0 900.0; 45.825 900.0; 15.275 900.0; 30.55 900.0; 0.0 900.0; 61.1 900.0; 22.9125 900.0; 22.9125 900.0]
falsified with robustness -0.01627173695910285

statistics
  simulations 2
  total time  1s
  peak memory 955708 kb

trial 40/50
property □_[11.0, 50.0] ((((throttle < 8.8) && ◇_[0.0, 0.05] (40.0 < throttle)) || ((40.0 < throttle) && ◇_[0.0, 0.05] (throttle < 8.8))) ==> □_[1.0, 5.0] (abs(mu) < 0.008))
algorithm adaptive
  control points: 10 10 10 10 10
  exploration ratio: 0.25
  budget: 100
..................................................

inputs
  t__ = [0.0; 5.0; 10.0; 15.0; 20.0; 25.0; 30.0; 35.0; 40.0; 45.0; 50.0]
  u__ = [15.275 1100.0; 30.55 1100.0; 30.55 1100.0; 45.825 1100.0; 0.0 1100.0; 61.1 1100.0; 61.1 1100.0; 7.6375 1100.0; 0.0 1100.0; 61.1 1100.0; 61.1 1100.0]
falsified with robustness -0.0037361966689394566

statistics
  simulations 50
  total time  32s
  peak memory 964315 kb

trial 41/50
property □_[11.0, 50.0] ((((throttle < 8.8) && ◇_[0.0, 0.05] (40.0 < throttle)) || ((40.0 < throttle) && ◇_[0.0, 0.05] (throttle < 8.8))) ==> □_[1.0, 5.0] (abs(mu) < 0.008))
algorithm adaptive
  control points: 10 10 10 10 10
  exploration ratio: 0.25
  budget: 100
...........

inputs
  t__ = [0.0; 5.0; 10.0; 15.0; 20.0; 25.0; 30.0; 35.0; 40.0; 45.0; 50.0]
  u__ = [61.1 900.0; 0.0 900.0; 30.55 900.0; 0.0 900.0; 61.1 900.0; 0.0 900.0; 45.825 900.0; 0.0 900.0; 30.55 900.0; 0.0 900.0; 0.0 900.0]
falsified with robustness -0.013371644603454157

statistics
  simulations 11
  total time  6s
  peak memory 964315 kb

trial 42/50
property □_[11.0, 50.0] ((((throttle < 8.8) && ◇_[0.0, 0.05] (40.0 < throttle)) || ((40.0 < throttle) && ◇_[0.0, 0.05] (throttle < 8.8))) ==> □_[1.0, 5.0] (abs(mu) < 0.008))
algorithm adaptive
  control points: 10 10 10 10 10
  exploration ratio: 0.25
  budget: 100
..............

inputs
  t__ = [0.0; 5.0; 10.0; 15.0; 20.0; 25.0; 30.0; 35.0; 40.0; 45.0; 50.0]
  u__ = [0.0 1100.0; 61.1 1100.0; 0.0 1100.0; 7.6375 1100.0; 15.275 1100.0; 15.275 1100.0; 15.275 1100.0; 30.55 1100.0; 0.0 1100.0; 61.1 1100.0; 61.1 1100.0]
falsified with robustness -0.008037690369565711

statistics
  simulations 14
  total time  8s
  peak memory 971392 kb

trial 43/50
property □_[11.0, 50.0] ((((throttle < 8.8) && ◇_[0.0, 0.05] (40.0 < throttle)) || ((40.0 < throttle) && ◇_[0.0, 0.05] (throttle < 8.8))) ==> □_[1.0, 5.0] (abs(mu) < 0.008))
algorithm adaptive
  control points: 10 10 10 10 10
  exploration ratio: 0.25
  budget: 100
....................................................

inputs
  t__ = [0.0; 5.0; 10.0; 15.0; 20.0; 25.0; 30.0; 35.0; 40.0; 45.0; 50.0]
  u__ = [0.0 1100.0; 15.275 1100.0; 30.55 1100.0; 61.1 1100.0; 30.55 1100.0; 61.1 1100.0; 0.0 1100.0; 61.1 1100.0; 0.0 1100.0; 61.1 1100.0; 61.1 1100.0]
falsified with robustness -0.014518810288769429

statistics
  simulations 52
  total time  32s
  peak memory 979917 kb

trial 44/50
property □_[11.0, 50.0] ((((throttle < 8.8) && ◇_[0.0, 0.05] (40.0 < throttle)) || ((40.0 < throttle) && ◇_[0.0, 0.05] (throttle < 8.8))) ==> □_[1.0, 5.0] (abs(mu) < 0.008))
algorithm adaptive
  control points: 10 10 10 10 10
  exploration ratio: 0.25
  budget: 100
.......

inputs
  t__ = [0.0; 5.0; 10.0; 15.0; 20.0; 25.0; 30.0; 35.0; 40.0; 45.0; 50.0]
  u__ = [0.0 1000.0; 15.275 1000.0; 61.1 1000.0; 0.0 1000.0; 61.1 1000.0; 61.1 1000.0; 0.0 1000.0; 30.55 1000.0; 61.1 1000.0; 30.55 1000.0; 30.55 1000.0]
falsified with robustness -0.011072598716093257

statistics
  simulations 7
  total time  4s
  peak memory 979917 kb

trial 45/50
property □_[11.0, 50.0] ((((throttle < 8.8) && ◇_[0.0, 0.05] (40.0 < throttle)) || ((40.0 < throttle) && ◇_[0.0, 0.05] (throttle < 8.8))) ==> □_[1.0, 5.0] (abs(mu) < 0.008))
algorithm adaptive
  control points: 10 10 10 10 10
  exploration ratio: 0.25
  budget: 100
....................................................................................................

inputs
  t__ = [0.0; 5.0; 10.0; 15.0; 20.0; 25.0; 30.0; 35.0; 40.0; 45.0; 50.0]
  u__ = [30.55 950.0; 0.0 950.0; 15.275 950.0; 0.0 950.0; 0.0 950.0; 15.275 950.0; 61.1 950.0; 0.0 950.0; 15.275 950.0; 61.1 950.0; 61.1 950.0]
not falsified with robustness 0.007599907962343382

statistics
  simulations 100
  total time  61s
  peak memory 990189 kb

trial 46/50
property □_[11.0, 50.0] ((((throttle < 8.8) && ◇_[0.0, 0.05] (40.0 < throttle)) || ((40.0 < throttle) && ◇_[0.0, 0.05] (throttle < 8.8))) ==> □_[1.0, 5.0] (abs(mu) < 0.008))
algorithm adaptive
  control points: 10 10 10 10 10
  exploration ratio: 0.25
  budget: 100
...........................................................

inputs
  t__ = [0.0; 5.0; 10.0; 15.0; 20.0; 25.0; 30.0; 35.0; 40.0; 45.0; 50.0]
  u__ = [30.55 900.0; 30.55 900.0; 3.81875 900.0; 45.825 900.0; 0.0 900.0; 15.275 900.0; 0.0 900.0; 0.0 900.0; 0.0 900.0; 30.55 900.0; 30.55 900.0]
falsified with robustness -0.002190944474174181

statistics
  simulations 59
  total time  37s
  peak memory 996204 kb

trial 47/50
property □_[11.0, 50.0] ((((throttle < 8.8) && ◇_[0.0, 0.05] (40.0 < throttle)) || ((40.0 < throttle) && ◇_[0.0, 0.05] (throttle < 8.8))) ==> □_[1.0, 5.0] (abs(mu) < 0.008))
algorithm adaptive
  control points: 10 10 10 10 10
  exploration ratio: 0.25
  budget: 100
...................................................................

inputs
  t__ = [0.0; 5.0; 10.0; 15.0; 20.0; 25.0; 30.0; 35.0; 40.0; 45.0; 50.0]
  u__ = [0.0 1100.0; 30.55 1100.0; 0.0 1100.0; 53.4625 1100.0; 30.55 1100.0; 30.55 1100.0; 30.55 1100.0; 30.55 1100.0; 61.1 1100.0; 15.275 1100.0; 15.275 1100.0]
falsified with robustness -0.004946353283551615

statistics
  simulations 67
  total time  42s
  peak memory 1006987 kb

trial 48/50
property □_[11.0, 50.0] ((((throttle < 8.8) && ◇_[0.0, 0.05] (40.0 < throttle)) || ((40.0 < throttle) && ◇_[0.0, 0.05] (throttle < 8.8))) ==> □_[1.0, 5.0] (abs(mu) < 0.008))
algorithm adaptive
  control points: 10 10 10 10 10
  exploration ratio: 0.25
  budget: 100
..............................................................

inputs
  t__ = [0.0; 5.0; 10.0; 15.0; 20.0; 25.0; 30.0; 35.0; 40.0; 45.0; 50.0]
  u__ = [0.0 900.0; 61.1 900.0; 0.0 900.0; 30.55 900.0; 30.55 900.0; 61.1 900.0; 0.0 900.0; 61.1 900.0; 61.1 900.0; 45.825 900.0; 45.825 900.0]
falsified with robustness -0.009036309431575192

statistics
  simulations 62
  total time  40s
  peak memory 1015608 kb

trial 49/50
property □_[11.0, 50.0] ((((throttle < 8.8) && ◇_[0.0, 0.05] (40.0 < throttle)) || ((40.0 < throttle) && ◇_[0.0, 0.05] (throttle < 8.8))) ==> □_[1.0, 5.0] (abs(mu) < 0.008))
algorithm adaptive
  control points: 10 10 10 10 10
  exploration ratio: 0.25
  budget: 100
...............

inputs
  t__ = [0.0; 5.0; 10.0; 15.0; 20.0; 25.0; 30.0; 35.0; 40.0; 45.0; 50.0]
  u__ = [0.0 1100.0; 61.1 1100.0; 61.1 1100.0; 53.4625 1100.0; 53.4625 1100.0; 0.0 1100.0; 61.1 1100.0; 61.1 1100.0; 30.55 1100.0; 30.55 1100.0; 30.55 1100.0]
falsified with robustness -0.01294970003199003

statistics
  simulations 15
  total time  9s
  peak memory 1020932 kb

trial 50/50
property □_[11.0, 50.0] ((((throttle < 8.8) && ◇_[0.0, 0.05] (40.0 < throttle)) || ((40.0 < throttle) && ◇_[0.0, 0.05] (throttle < 8.8))) ==> □_[1.0, 5.0] (abs(mu) < 0.008))
algorithm adaptive
  control points: 10 10 10 10 10
  exploration ratio: 0.25
  budget: 100
.........................

inputs
  t__ = [0.0; 5.0; 10.0; 15.0; 20.0; 25.0; 30.0; 35.0; 40.0; 45.0; 50.0]
  u__ = [45.825 1100.0; 0.0 1100.0; 0.0 1100.0; 0.0 1100.0; 0.0 1100.0; 61.1 1100.0; 0.0 1100.0; 22.9125 1100.0; 61.1 1100.0; 61.1 1100.0; 61.1 1100.0]
falsified with robustness -0.004300060417601262

statistics
  simulations 25
  total time  17s
  peak memory 1020932 kb

bye
